4XZV_A      5H7Q_A    
4XZV_C      5H7Q_A    
4XZV_E      5H7Q_A    
4XZV_G      5H7Q_A    
6BJR_A      1H8D_L    
2ZD9_A      4MUV_A    
2ZD9_B      4MUV_A    
2ZD9_C      4MUV_A    
5C0S_A      4I2L_C    
5C0S_L      4LLD_B    
4GBR_B      2O7A_A    
4FQV_L      4LLD_B    
4FQV_M      4LLD_B    
4FQV_N      4LLD_B    
5TOK_A      4NCV_A    
5TOK_B      4NCV_A    
5TOK_C      4NCV_A    
4EJX_B      5MFA_A    
5OHM_A      5DK8_A    
5OHM_C      5DK8_A    
5OHM_E      5DK8_A    
5OHM_G      5DK8_A    
5OHM_I      5DK8_A    
5OHM_K      5DK8_A    
5OHN_B      5DK8_A    
5OHN_D      5DK8_A    
5GS2_A      3Q27_A    
6HKT_D      4CAY_B    
6HKT_H      4CAY_B    
6HKT_d      4CAY_B    
6HKT_h      4CAY_B    
6HKT_N      4CAY_B    
6HKT_R      4CAY_B    
6HKT_n      4CAY_B    
6HKT_r      4CAY_B    
6HKT_X      4CAY_B    
6HKT_1      4CAY_B    
6HKT_x      4CAY_B    
6HKT_3      4CAY_B    
5K6C_F      3KPE_B    
2XXA_B      6CQP_A    
2XXA_D      6CQP_A    
5WDU_I      4LLD_B    
6CCB_E      4LLD_B    
6CCB_L      4LLD_B    
2NZ9_A      3BOK_A    
2NZ9_B      3BOK_A    
2BBZ_A      2BBR_A    
2BBZ_B      2BBR_A    
2BBZ_C      2BBR_A    
2BBZ_D      2BBR_A    
4YM6_D      4CAY_B    
4YM6_H      4CAY_B    
4YM5_D      4CAY_B    
4YM5_H      4CAY_B    
2ICF_S      2ICC_A    
2LZH_A      5HMV_A    
4NYM_R      5E95_A    
4JHW_F      3KPE_B    
5ZXV_L      4LLD_B    
5ZXV_D      4LLD_B    
5VMM_E      3RTL_A    
5VMM_F      3RTL_A    
3W14_B      1PID_B    
3W14_J      1PID_B    
5KJ8_A      1N7S_A    
5KJ8_B      1N7S_B    
5KJ8_C      1N7S_C    
5KJ8_D      1N7S_D    
5KJ8_E      4WEE_A    
5KJ8_F      4WEE_A    
5KJ8_G      1N7S_A    
5KJ8_H      1N7S_B    
5KJ8_I      1N7S_C    
5KJ8_J      1N7S_D    
5KJ8_K      4WEE_A    
5L5G_A      5L74_A    
5L5G_B      5L74_A    
5L5G_C      5L74_A    
5L5G_D      5L74_A    
3ETB_J      3TEW_A    
3ETB_K      3TEW_A    
3ETB_L      3TEW_A    
3ETB_M      3TEW_A    
4J3O_G      3BFQ_G    
4J3O_H      4CSS_A    
4JQ0_C      4DJC_A    
5NJD_M      4LLD_B    
5NJD_O      4LLD_B    
5NJD_Q      4LLD_B    
5NJD_S      4LLD_B    
5NJD_U      4LLD_B    
5NJD_W      4LLD_B    
2R7E_B      3HNB_M    
6BN9_C      2OSS_A    
6BNB_C      2OSS_A    
3AN2_D      4CAY_B    
3AN2_H      4CAY_B    
4XCR_A      5J0F_A    
4XCR_B      5J0F_A    
5D5B_A      2O7A_A    
1Y0V_H      4DJC_A    
1Y0V_I      4DJC_A    
1Y0V_J      4DJC_A    
1Y0V_K      4DJC_A    
1Y0V_L      4DJC_A    
1Y0V_M      4DJC_A    
5CJQ_L      4LLD_B    
1LVC_D      4DJC_A    
1LVC_E      4DJC_A    
1LVC_F      4DJC_A    
6C2W_A      1H8D_L    
6C2W_B      1H8D_L    
6HPU_A      6HPH_A    
6HPU_B      6HPH_A    
4ZUX_X      5DK8_A    
4ZUX_c      5DK8_A    
4ZUX_h      5DK8_A    
4ZUX_m      5DK8_A    
3WHE_N      4LLD_B    
3WHE_P      4LLD_B    
3WHE_R      4LLD_B    
3WHE_T      4LLD_B    
3WHE_V      4LLD_B    
3WHE_X      4LLD_B    
3WHE_Z      4LLD_B    
3WHE_2      4LLD_B    
3WHE_4      4LLD_B    
3WHE_6      4LLD_B    
3WHE_8      4LLD_B    
3WHE_0      4LLD_B    
4CFF_E      2UV4_A    
4CFF_F      2UV4_A    
1Z9X_A      2A2A_A    
1Z9X_B      2A2A_A    
1Z9X_C      2A2A_A    
6E67_A      2O7A_A    
6E67_B      2O7A_A    
5K8D_B      3HNB_M    
4DUU_A      5UGD_A    
4YY3_Y      5IWH_A    
5KQV_B      1PID_B    
5KQV_J      1PID_B    
3ULU_C      4LLD_B    
3ULV_C      4LLD_B    
4ZYP_A      3KPE_B    
4ZYP_B      3KPE_B    
4ZYP_C      3KPE_B    
5DQU_E      4MAK_A    
5DQU_F      4MAK_A    
5N09_L      4LLD_B    
5N09_M      4LLD_B    
4W8F_A      2O7A_A    
4W8F_B      3RUN_A    
6J6F_A      5CSD_A    
6J6F_B      5CSD_A    
4GZA_A      5L74_A    
4GZA_B      5L74_A    
4GZA_C      5L74_A    
4GZA_D      5L74_A    
4GZA_E      5L74_A    
4GZA_F      5L74_A    
1BHZ_A      5HMV_A    
5CIZ_A      4HZF_A    
5CVO_C      5DK8_A    
5CVO_F      5DK8_A    
3RL0_A      1N7S_A    
3RL0_B      1N7S_B    
3RL0_C      1N7S_C    
3RL0_D      1N7S_D    
3RL0_E      1N7S_A    
3RL0_F      1N7S_B    
3RL0_G      1N7S_C    
3RL0_H      1N7S_D    
3RL0_I      1N7S_A    
3RL0_J      1N7S_B    
3RL0_K      1N7S_C    
3RL0_L      1N7S_D    
3RL0_M      1N7S_A    
3RL0_N      1N7S_B    
3RL0_O      1N7S_C    
3RL0_P      1N7S_D    
3RL0_Q      1N7S_A    
3RL0_R      1N7S_B    
3RL0_S      1N7S_C    
3RL0_T      1N7S_D    
3RL0_U      1N7S_A    
3RL0_V      1N7S_B    
3RL0_W      1N7S_C    
3RL0_X      1N7S_D    
3RL0_Y      1N7S_A    
3RL0_Z      1N7S_B    
3RL0_a      1N7S_C    
3RL0_b      1N7S_D    
3RL0_c      1N7S_A    
3RL0_d      1N7S_B    
3RL0_e      1N7S_C    
3RL0_f      1N7S_D    
1LZH_A      5HMV_A    
1LZH_B      5HMV_A    
5B24_D      4CAY_B    
5B24_H      4CAY_B    
5G52_C      5G51_A    
5G52_ F     5G51_A    
5G52_ I     5G51_A    
5G52_ L     5G51_A    
5G52_ O     5G51_A    
5G52_ R     5G51_A    
5G52_ U     5G51_A    
5G52_ X     5G51_A    
5G52_ 0     5G51_A    
5G52_ 3     5G51_A    
5G52_ 6     5G51_A    
5G52_ 9     5G51_A    
5G52_ c     5G51_A    
5G52_ f     5G51_A    
5G52_ i     5G51_A    
5G52_ l     5G51_A    
5G52_ o     5G51_A    
5G52_ r     5G51_A    
5G52_ u     5G51_A    
5G52_ x     5G51_A    
5G52_AA     5G51_A    
5G52_AD     5G51_A    
5G52_AG     5G51_A    
5G52_AJ     5G51_A    
5G52_AM     5G51_A    
5G52_AP     5G51_A    
5G52_AS     5G51_A    
5G52_AV     5G51_A    
5G52_AY     5G51_A    
5G52_A1     5G51_A    
5G52_A4     5G51_A    
5G52_A7     5G51_A    
5G52_BA     5G51_A    
5G52_BD     5G51_A    
5G52_BG     5G51_A    
5G52_BJ     5G51_A    
5G52_BM     5G51_A    
5G52_BP     5G51_A    
5G52_BS     5G51_A    
5G52_BV     5G51_A    
5G52_BY     5G51_A    
5G52_B1     5G51_A    
5G52_B4     5G51_A    
5G52_B7     5G51_A    
5G52_CA     5G51_A    
5G52_CD     5G51_A    
5G52_CG     5G51_A    
5G52_CJ     5G51_A    
5G52_CM     5G51_A    
5G52_CP     5G51_A    
5G52_CS     5G51_A    
5G52_CV     5G51_A    
5G52_CY     5G51_A    
5G52_C1     5G51_A    
5G52_C4     5G51_A    
5G52_C7     5G51_A    
5G52_DA     5G51_A    
5G52_DD     5G51_A    
5G52_DG     5G51_A    
5G52_DJ     5G51_A    
6DL8_L      4LLD_B    
6DL8_B      4LLD_B    
5W0Z_B      4EXK_A    
5W0Z_A      4EXK_A    
4UTB_L      4LLD_B    
4UTB_M      4LLD_B    
5VO0_C      5DK8_A    
5VO0_F      5DK8_A    
4O5I_N      4LLD_B    
4O5I_P      4LLD_B    
4O5I_R      4LLD_B    
4O5I_T      4LLD_B    
4O5I_V      4LLD_B    
4O5I_X      4LLD_B    
4V0U_D      5INB_A    
4V0U_F      5INB_A    
4V0U_H      5INB_A    
4V0U_J      5INB_A    
4V0U_N      5INB_A    
5X33_A      2O7A_A    
5X3Q_A      5CSD_A    
5X3Q_B      5CSD_A    
4U1Y_B      4U21_A    
4U16_A      2O7A_A    
4U16_B      2O7A_A    
6APD_A      3KPE_B    
6APD_B      3KPE_B    
6APD_C      3KPE_B    
6APD_L      4LLD_B    
6APD_M      4LLD_B    
6APD_O      4LLD_B    
5J3D_F      3KPE_B    
5J3D_I      3KPE_B    
5J3D_K      3KPE_B    
5CCI_A      1N7S_A    
5CCI_B      1N7S_B    
5CCI_C      1N7S_C    
5CCI_D      1N7S_D    
5CCI_E      4WEE_A    
5CCI_F      4WEE_A    
5CCH_A      1N7S_A    
5CCH_B      1N7S_B    
5CCH_C      1N7S_C    
5CCH_D      1N7S_D    
5CCH_E      4WEE_A    
5CCH_F      4WEE_A    
6DJX_B      5DK8_A    
6DJW_B      5DK8_A    
5PRM_A      5PNX_A    
5PRM_B      5PNX_A    
4FQY_L      4LLD_B    
2A45_A      1H8D_L    
2A45_D      1H8D_L    
3IPD_A      1N7S_A    
3IPD_B      1N7S_B    
3IPD_C      1N7S_C    
3IPD_D      1N7S_D    
3IPD_E      1N7S_A    
3IPD_F      1N7S_B    
3IPD_G      1N7S_C    
3IPD_H      1N7S_D    
4FQK_F      4LLD_B    
4FQK_L      4LLD_B    
6ERQ_C      3FGH_A    
6ERQ_G      3FGH_A    
6ERP_C      3FGH_A    
6ERP_G      3FGH_A    
6CH8_Q      5UD9_H    
6CH8_R      5UD9_L    
5N2J_A      6FSN_A    
5N2J_B      6FSN_A    
5VCB_f      1T8K_A    
5VCB_e      1T8K_A    
5VCB_d      1T8K_A    
5VCB_K      1T8K_A    
5VCB_J      1T8K_A    
5VCB_L      1T8K_A    
5VCB_F      1T8K_A    
5VCB_E      1T8K_A    
5VCB_D      1T8K_A    
5VCB_P      1T8K_A    
5VCB_R      1T8K_A    
5VCB_Q      1T8K_A    
5VCB_X      1T8K_A    
5VCB_W      1T8K_A    
5VCB_V      1T8K_A    
5DGY_A      3RUN_A    
5DGY_C      2O7A_A    
5DGY_D      3RUN_A    
6QF7_A      4EXK_A    
6QF7_C      4EXK_A    
5VVJ_E      4MAK_A    
5VVJ_F      4MAK_A    
6CH9_Q      5UD9_H    
6CH7_Q      5UD9_H    
6CH7_R      5UD9_L    
4NQK_E      5DK8_A    
4NQK_F      5DK8_A    
4NQK_G      5DK8_A    
4NQK_H      5DK8_A    
4NQK_I      5DK8_A    
4NQK_J      5DK8_A    
5YB2_E      4I2L_C    
5YB2_D      4I2L_C    
5YB2_F      4I2L_C    
5YB2_B      4I2L_C    
5YB2_A      4I2L_C    
5YB2_C      4I2L_C    
5YB2_M      4I2L_C    
4DDI_D      5DK8_A    
4DDI_E      5DK8_A    
4DDI_F      5DK8_A    
4DDI_G      5DK8_A    
4DDI_H      5DK8_A    
4DDI_I      5DK8_A    
4BDV_B      3HNB_M    
5EW2_L      1H8D_L    
5T3X_L      4LLD_B    
5T3X_E      4LLD_B    
5UQE_C      5U0I_A    
6OE5_A      3KPE_A    
5FHC_B      4LLD_B    
3CDZ_B      3HNB_M    
4RER_G      2UV4_A    
4REW_G      2UV4_A    
4UF6_B      5DK8_A    
4UF6_E      5DK8_A    
4UF6_H      5DK8_A    
4UF6_K      5DK8_A    
4N0U_B      4QRS_B    
4WHV_A      5DK8_A    
4WHV_F      5DK8_A    
4WHV_G      5DK8_A    
4WHV_L      5DK8_A    
6B2E_C      2UV4_A    
