4A5Q 17.0 20005
('A', '3OA5_A', 1.74, 100.0)
('B', '3OA5_A', 1.74, 100.0)
('C', '3OA5_A', 1.74, 100.0)
('D', '3OA5_A', 1.74, 100.0)
('E', '3OA5_A', 1.74, 100.0)
********************************************************************************
2Y9K 8.3 16485
('A', '4G08_A', 1.8, 100.0)
('B', '4G08_A', 1.8, 100.0)
('C', '4G08_A', 1.8, 100.0)
('D', '4G08_A', 1.8, 100.0)
('E', '4G08_A', 1.8, 100.0)
('F', '4G08_A', 1.8, 100.0)
('G', '4G08_A', 1.8, 100.0)
('H', '4G08_A', 1.8, 100.0)
('I', '4G08_A', 1.8, 100.0)
('J', '4G08_A', 1.8, 100.0)
('K', '4G08_A', 1.8, 100.0)
('L', '4G08_A', 1.8, 100.0)
('M', '4G08_A', 1.8, 100.0)
('N', '4G08_A', 1.8, 100.0)
('O', '4G08_A', 1.8, 100.0)
********************************************************************************
4D1K 9.4 3942
('A', '6ES8_A', 1.9, 98.63013698630137)
('B', '6ES8_A', 1.9, 98.63013698630137)
('C', '6ES8_A', 1.9, 98.63013698630137)
('D', '6ES8_A', 1.9, 98.63013698630137)
('E', '6ES8_A', 1.9, 98.63013698630137)
('F', '6ES8_A', 1.9, 98.63013698630137)
********************************************************************************
4YEI 3.55 4770
('A', '4YC5_A', 1.76, 99.06976744186046)
('B', '4YC5_A', 1.76, 99.06976744186046)
('C', '4YC5_A', 1.76, 99.06976744186046)
********************************************************************************
3J83 30.0 29092
('A', '4XWP_A', 1.82, 100.0)
('B', '4XWP_A', 1.82, 100.0)
('C', '4XWP_A', 1.82, 100.0)
('D', '4XWP_A', 1.82, 100.0)
('E', '4XWP_A', 1.82, 100.0)
('F', '4XWP_A', 1.82, 100.0)
('G', '4XWP_A', 1.82, 100.0)
********************************************************************************
3J8K 12.0 29330
('A', '1QZ5_A', 1.45, 99.73333333333333)
('B', '1QZ5_A', 1.45, 99.73333333333333)
('C', '1QZ5_A', 1.45, 99.73333333333333)
('D', '1QZ5_A', 1.45, 99.73333333333333)
('E', '1QZ5_A', 1.45, 99.73333333333333)
('F', '1QZ5_A', 1.45, 99.73333333333333)
('G', '1QZ5_A', 1.45, 99.73333333333333)
('H', '1QZ5_A', 1.45, 99.73333333333333)
('I', '1QZ5_A', 1.45, 99.73333333333333)
('J', '1QZ5_A', 1.45, 99.73333333333333)
********************************************************************************
1LZH 6.0 258
('A', '5HMV_A', 0.98, 100.0)
('B', '5HMV_A', 0.98, 100.0)
********************************************************************************
3DTJ 4.0 2288
('A', '3DS1_A', 1.6, 100.0)
('B', '3DS1_A', 1.6, 100.0)
('C', '3DS1_A', 1.6, 100.0)
('D', '3DS1_A', 1.6, 100.0)
********************************************************************************
3FZJ 7.1 22575
('A', '3FXQ_A', 1.85, 100.0)
('B', '3FXQ_A', 1.85, 100.0)
('C', '3FXQ_A', 1.85, 100.0)
('D', '3FXQ_A', 1.85, 100.0)
('E', '3FXQ_A', 1.85, 100.0)
('F', '3FXQ_A', 1.85, 100.0)
('G', '3FXQ_A', 1.85, 100.0)
('H', '3FXQ_A', 1.85, 100.0)
('I', '3FXQ_A', 1.85, 100.0)
('J', '3FXQ_A', 1.85, 100.0)
********************************************************************************
5CW0 4.6 21220
('A', '1STM_A', 1.9, 100.0)
(' B', '1STM_A', 1.9, 100.0)
(' C', '1STM_A', 1.9, 100.0)
(' D', '1STM_A', 1.9, 100.0)
(' E', '1STM_A', 1.9, 100.0)
(' F', '1STM_A', 1.9, 100.0)
(' G', '1STM_A', 1.9, 100.0)
(' H', '1STM_A', 1.9, 100.0)
(' I', '1STM_A', 1.9, 100.0)
(' J', '1STM_A', 1.9, 100.0)
(' K', '1STM_A', 1.9, 100.0)
(' L', '1STM_A', 1.9, 100.0)
(' M', '1STM_A', 1.9, 100.0)
(' N', '1STM_A', 1.9, 100.0)
(' O', '1STM_A', 1.9, 100.0)
(' P', '1STM_A', 1.9, 100.0)
(' Q', '1STM_A', 1.9, 100.0)
(' R', '1STM_A', 1.9, 100.0)
(' S', '1STM_A', 1.9, 100.0)
(' T', '1STM_A', 1.9, 100.0)
********************************************************************************
3J1V 11.7 16650
('A', '4G08_A', 1.8, 100.0)
('B', '4G08_A', 1.8, 100.0)
('C', '4G08_A', 1.8, 100.0)
('D', '4G08_A', 1.8, 100.0)
('E', '4G08_A', 1.8, 100.0)
('F', '4G08_A', 1.8, 100.0)
('G', '4G08_A', 1.8, 100.0)
('H', '4G08_A', 1.8, 100.0)
('I', '4G08_A', 1.8, 100.0)
('J', '4G08_A', 1.8, 100.0)
('K', '4G08_A', 1.8, 100.0)
('L', '4G08_A', 1.8, 100.0)
('M', '4G08_A', 1.8, 100.0)
('N', '4G08_A', 1.8, 100.0)
('O', '4G08_A', 1.8, 100.0)
********************************************************************************
3J1W 11.7 19680
('A', '4G2S_A', 1.86, 100.0)
('B', '4G2S_A', 1.86, 100.0)
('C', '4G2S_A', 1.86, 100.0)
('D', '4G2S_A', 1.86, 100.0)
('E', '4G2S_A', 1.86, 100.0)
('F', '4G2S_A', 1.86, 100.0)
('G', '4G2S_A', 1.86, 100.0)
('H', '4G2S_A', 1.86, 100.0)
('I', '4G2S_A', 1.86, 100.0)
('J', '4G2S_A', 1.86, 100.0)
('K', '4G2S_A', 1.86, 100.0)
('L', '4G2S_A', 1.86, 100.0)
('M', '4G2S_A', 1.86, 100.0)
('N', '4G2S_A', 1.86, 100.0)
('O', '4G2S_A', 1.86, 100.0)
('P', '4G2S_A', 1.86, 100.0)
('Q', '4G2S_A', 1.86, 100.0)
('R', '4G2S_A', 1.86, 100.0)
('S', '4G2S_A', 1.86, 100.0)
('T', '4G2S_A', 1.86, 100.0)
('U', '4G2S_A', 1.86, 100.0)
('V', '4G2S_A', 1.86, 100.0)
('W', '4G2S_A', 1.86, 100.0)
('X', '4G2S_A', 1.86, 100.0)
********************************************************************************
2C32 7.01 1761
('A', '2B6O_A', 1.9, 98.2905982905983)
********************************************************************************
3UM3 3.8 3154
('A', '3R9M_A', 1.95, 100.0)
('B', '5MK2_C', 1.7, 100.0)
********************************************************************************
3GV2 7.0 5256
('A', '5JPA_A', 1.7, 98.63013698630137)
('B', '5JPA_A', 1.7, 98.63013698630137)
('C', '5JPA_A', 1.7, 98.63013698630137)
('D', '5JPA_A', 1.7, 98.63013698630137)
('E', '5JPA_A', 1.7, 98.63013698630137)
('F', '5JPA_A', 1.7, 98.63013698630137)
********************************************************************************
5L93 3.9 5202
('A', '5JPA_A', 1.7, 98.61111111111111)
('B', '5JPA_A', 1.7, 98.61111111111111)
('C', '5JPA_A', 1.7, 98.61111111111111)
********************************************************************************
3B63 9.5 39685
('A', '1YAG_A', 1.9, 99.72602739726027)
('B', '1QZ5_A', 1.45, 99.72602739726027)
('C', '1YAG_A', 1.9, 100.0)
('D', '1QZ5_A', 1.45, 99.72067039106145)
('E', '1QZ5_A', 1.45, 99.72602739726027)
('F', '1QZ5_A', 1.45, 99.72067039106145)
('G', '1YAG_A', 1.9, 99.72602739726027)
('H', '1QZ5_A', 1.45, 99.72602739726027)
('I', '1YAG_A', 1.9, 100.0)
('J', '1QZ5_A', 1.45, 99.72602739726027)
('K', '1QZ5_A', 1.45, 99.72602739726027)
('L', '2HF3_A', 1.8, 98.35616438356165)
('M', '2HF3_A', 1.8, 98.35616438356165)
('N', '1QZ5_A', 1.45, 99.72602739726027)
********************************************************************************
4USN 8.8 22662
('A', '6ES8_A', 1.9, 98.57142857142857)
('B', '6ES8_A', 1.9, 98.57142857142857)
('C', '6ES8_A', 1.9, 98.57142857142857)
('D', '6ES8_A', 1.9, 98.57142857142857)
('E', '6ES8_A', 1.9, 98.57142857142857)
('F', '6ES8_A', 1.9, 98.57142857142857)
('G', '6ES8_A', 1.9, 98.57142857142857)
('H', '6ES8_A', 1.9, 98.57142857142857)
('I', '6ES8_A', 1.9, 98.57142857142857)
('J', '6ES8_A', 1.9, 98.57142857142857)
('K', '6ES8_A', 1.9, 98.57142857142857)
('L', '6ES8_A', 1.9, 98.57142857142857)
('M', '6ES8_A', 1.9, 98.57142857142857)
('N', '6ES8_A', 1.9, 98.57142857142857)
('O', '6ES8_A', 1.9, 98.57142857142857)
('P', '6ES8_A', 1.9, 98.57142857142857)
('Q', '6ES8_A', 1.9, 98.57142857142857)
('R', '6ES8_A', 1.9, 98.57142857142857)
********************************************************************************
1WMK 3.6 19951
('A', '2A2A_A', 1.47, 99.33993399339934)
('E', '2A2A_A', 1.47, 99.04153354632588)
('C', '2A2A_A', 1.47, 99.33993399339934)
('B', '2A2A_A', 1.47, 99.04458598726114)
('F', '2A2A_A', 1.47, 99.33993399339934)
('D', '2A2A_A', 1.47, 99.04458598726114)
('H', '2A2A_A', 1.47, 99.34210526315789)
('G', '2A2A_A', 1.47, 99.04153354632588)
********************************************************************************
3T1P 3.9 2741
('A', '3NE4_A', 1.81, 98.92183288409703)
********************************************************************************
4DT0 3.65 898
('A', '2DM9_A', 1.85, 100.0)
********************************************************************************
5WJT 3.8 92947
('A', '5MAW_D', 1.5, 99.33774834437087)
('B', '5MAW_D', 1.5, 99.33774834437087)
('C', '5MAW_D', 1.5, 99.33774834437087)
('D', '5MAW_D', 1.5, 99.33774834437087)
('E', '5MAW_D', 1.5, 99.33774834437087)
('F', '5MAW_D', 1.5, 99.33774834437087)
('G', '5MAW_D', 1.5, 99.33774834437087)
('H', '5MAW_D', 1.5, 99.33774834437087)
('I', '5MAW_D', 1.5, 99.33774834437087)
('J', '5MAW_D', 1.5, 99.33774834437087)
('K', '5MAW_D', 1.5, 99.33774834437087)
('L', '5MAW_D', 1.5, 99.33774834437087)
('M', '5MAW_D', 1.5, 99.33774834437087)
('N', '5MAW_D', 1.5, 99.33774834437087)
('O', '5MAW_D', 1.5, 99.33774834437087)
('P', '5MAW_D', 1.5, 99.33774834437087)
('Q', '5MAW_D', 1.5, 99.33774834437087)
('R', '5MAW_D', 1.5, 99.33774834437087)
('S', '5MAW_D', 1.5, 99.33774834437087)
('T', '5MAW_D', 1.5, 99.33774834437087)
('U', '5MAW_D', 1.5, 99.33774834437087)
('V', '5MAW_D', 1.5, 99.33774834437087)
('W', '5MAW_D', 1.5, 99.33774834437087)
('X', '5MAW_D', 1.5, 99.33774834437087)
('Y', '5MAW_D', 1.5, 99.33774834437087)
('Z', '5MAW_D', 1.5, 99.33774834437087)
('a', '5MAW_D', 1.5, 99.33774834437087)
('b', '5MAW_D', 1.5, 99.33774834437087)
('c', '5MAW_D', 1.5, 99.33774834437087)
('d', '5MAW_D', 1.5, 99.33774834437087)
('e', '5MAW_D', 1.5, 99.33774834437087)
('f', '5MAW_D', 1.5, 99.33774834437087)
('g', '5MAW_D', 1.5, 99.33774834437087)
('h', '5MAW_D', 1.5, 99.33774834437087)
('i', '5MAW_D', 1.5, 99.33774834437087)
('j', '5MAW_D', 1.5, 99.33774834437087)
('k', '5MAW_D', 1.5, 99.33774834437087)
('l', '5MAW_D', 1.5, 99.33774834437087)
('m', '5MAW_D', 1.5, 99.33774834437087)
('n', '5MAW_D', 1.5, 99.33774834437087)
('o', '5MAW_D', 1.5, 99.33774834437087)
********************************************************************************
3HIF 3.59 9456
('A', '4HZF_A', 1.48, 99.0049751243781)
('B', '4HZF_A', 1.48, 99.0049751243781)
('C', '4HZF_A', 1.48, 99.0049751243781)
('D', '4HZF_A', 1.48, 99.0049751243781)
('E', '4HZF_A', 1.48, 99.0049751243781)
('F', '4HZF_A', 1.48, 99.0049751243781)
********************************************************************************
6CI1 4.9 2608
('A', '3EAU_A', 1.82, 100.0)
('B', '3EAU_A', 1.82, 100.0)
('C', '3EAU_A', 1.82, 100.0)
('D', '3EAU_A', 1.82, 100.0)
('E', '3EAU_A', 1.82, 100.0)
('F', '3EAU_A', 1.82, 100.0)
('G', '3EAU_A', 1.82, 100.0)
('H', '3EAU_A', 1.82, 100.0)
********************************************************************************
1BHZ 3.9 1001
('A', '5HMV_A', 0.98, 100.0)
********************************************************************************
6IY7 10.5 168
('P', '2W3T_A', 1.69, 100.0)
********************************************************************************
3EMP 4.0 6379
('A', '4XRA_A', 1.75, 99.37888198757764)
('B', '4XRA_A', 1.75, 99.38271604938272)
('C', '4XRA_A', 1.75, 99.38271604938272)
('D', '4XRA_A', 1.75, 99.38271604938272)
('E', '4XRA_A', 1.75, 99.38271604938272)
********************************************************************************
4CKD 13.0 39832
('A', '1JZ7_A', 1.5, 99.90147783251231)
('B', '1JZ7_A', 1.5, 99.90147783251231)
('C', '1JZ7_A', 1.5, 99.90147783251231)
('D', '1JZ7_A', 1.5, 99.90147783251231)
('H', '3D9A_H', 1.2, 100.0)
('I', '3D9A_H', 1.2, 100.0)
('J', '3D9A_H', 1.2, 100.0)
('K', '3D9A_H', 1.2, 100.0)
('L', '3D9A_L', 1.2, 99.06542056074767)
('M', '3D9A_L', 1.2, 99.06542056074767)
('N', '3D9A_L', 1.2, 99.06542056074767)
('O', '3D9A_L', 1.2, 99.06542056074767)
********************************************************************************
1HB5 12.0 27273
('A', '1CJD_A', 1.85, 100.0)
('B', '1CJD_A', 1.85, 100.0)
('C', '1CJD_A', 1.85, 100.0)
('D', '1CJD_A', 1.85, 100.0)
('E', '1CJD_A', 1.85, 100.0)
('F', '1CJD_A', 1.85, 100.0)
('G', '1CJD_A', 1.85, 100.0)
('H', '1CJD_A', 1.85, 100.0)
('I', '1CJD_A', 1.85, 100.0)
********************************************************************************
1HB7 14.0 34180
('A', '1CJD_A', 1.85, 100.0)
('B', '1CJD_A', 1.85, 100.0)
('C', '1CJD_A', 1.85, 100.0)
('D', '1CJD_A', 1.85, 100.0)
('E', '1CJD_A', 1.85, 100.0)
('F', '1CJD_A', 1.85, 100.0)
('G', '1CJD_A', 1.85, 100.0)
('H', '1CJD_A', 1.85, 100.0)
('I', '1CJD_A', 1.85, 100.0)
('J', '1CJD_A', 1.85, 100.0)
('K', '1CJD_A', 1.85, 100.0)
('L', '1CJD_A', 1.85, 100.0)
********************************************************************************
3DWU 12.6 46
('A', '1EXM_A', 1.7, 100.0)
********************************************************************************
2YHJ 4.0 4416
('A', '3ZIX_A', 1.9, 99.64539007092199)
('B', '3ZIX_A', 1.9, 99.64539007092199)
********************************************************************************
6ICF 4.0 4724
('A', '6AKQ_A', 1.9, 98.39572192513369)
('H', '4YNY_A', 1.58, 100.0)
('L', '4YNY_B', 1.58, 100.0)
********************************************************************************
4IY2 3.6 2426
('A', '4IYS_A', 1.8, 100.0)
('C', '4IYS_A', 1.8, 100.0)
********************************************************************************
6GK3 3.9 4312
('A', '4RMT_A', 1.24, 100.0)
('B', '4RMT_A', 1.24, 100.0)
('C', '4RMT_A', 1.24, 100.0)
('D', '4RMT_A', 1.24, 100.0)
('E', '4RMT_A', 1.24, 100.0)
('F', '4RMT_A', 1.24, 100.0)
('G', '4RMT_A', 1.24, 100.0)
('H', '4RMT_A', 1.24, 100.0)
********************************************************************************
5UPW 5.0 10350
('A', '3H47_A', 1.9, 98.19004524886878)
('B', '3H47_A', 1.9, 98.19004524886878)
('C', '3H47_A', 1.9, 98.19004524886878)
('D', '3H47_A', 1.9, 98.19004524886878)
('E', '3H47_A', 1.9, 98.19004524886878)
('F', '3H47_A', 1.9, 98.19004524886878)
********************************************************************************
5UP4 9.0 31068
('B', '3H47_A', 1.9, 98.19004524886878)
('K', '3H47_A', 1.9, 98.19004524886878)
('L', '3H47_A', 1.9, 98.19004524886878)
('M', '3H47_A', 1.9, 98.19004524886878)
('N', '3H47_A', 1.9, 98.19004524886878)
('O', '3H47_A', 1.9, 98.19004524886878)
('P', '3H47_A', 1.9, 98.19004524886878)
('Q', '3H47_A', 1.9, 98.19004524886878)
('R', '3H47_A', 1.9, 98.19004524886878)
('S', '3H47_A', 1.9, 98.19004524886878)
('C', '3H47_A', 1.9, 98.19004524886878)
('D', '3H47_A', 1.9, 98.19004524886878)
('E', '3H47_A', 1.9, 98.19004524886878)
('F', '3H47_A', 1.9, 98.19004524886878)
('G', '3H47_A', 1.9, 98.19004524886878)
('H', '3H47_A', 1.9, 98.19004524886878)
('I', '3H47_A', 1.9, 98.19004524886878)
('J', '3H47_A', 1.9, 98.19004524886878)
********************************************************************************
5MDB 8.4 5888
('A', '3DS2_A', 1.2, 98.64864864864865)
('B', '3DS2_A', 1.2, 98.64864864864865)
('F', '3DS2_A', 1.2, 98.64864864864865)
('W', '3DS2_A', 1.2, 98.64864864864865)
('a', '1M9E_C', 1.72, 99.31506849315069)
('b', '1M9E_C', 1.72, 99.31506849315069)
('f', '1M9E_C', 1.72, 99.31506849315069)
('C', '3DS2_A', 1.2, 98.64864864864865)
('D', '3DS2_A', 1.2, 98.64864864864865)
('E', '3DS2_A', 1.2, 98.64864864864865)
('G', '3DS2_A', 1.2, 98.64864864864865)
('H', '1M9E_C', 1.72, 99.31506849315069)
('I', '1M9E_C', 1.72, 99.31506849315069)
('J', '1M9E_C', 1.72, 99.31506849315069)
********************************************************************************
5MDC 8.4 5888
('A', '3DS2_A', 1.2, 98.64864864864865)
('B', '3DS2_A', 1.2, 98.64864864864865)
('F', '3DS2_A', 1.2, 98.64864864864865)
('W', '3DS2_A', 1.2, 98.64864864864865)
('a', '1M9E_C', 1.72, 99.31506849315069)
('b', '1M9E_C', 1.72, 99.31506849315069)
('f', '1M9E_C', 1.72, 99.31506849315069)
('C', '3DS2_A', 1.2, 98.64864864864865)
('D', '3DS2_A', 1.2, 98.64864864864865)
('E', '3DS2_A', 1.2, 98.64864864864865)
('G', '3DS2_A', 1.2, 98.64864864864865)
('H', '1M9E_C', 1.72, 99.31506849315069)
('I', '1M9E_C', 1.72, 99.31506849315069)
('J', '1M9E_C', 1.72, 99.31506849315069)
********************************************************************************
5MDA 8.4 5888
('A', '3DS2_A', 1.2, 98.64864864864865)
('B', '3DS2_A', 1.2, 98.64864864864865)
('F', '3DS2_A', 1.2, 98.64864864864865)
('W', '3DS2_A', 1.2, 98.64864864864865)
('a', '1M9E_C', 1.72, 99.31506849315069)
('b', '1M9E_C', 1.72, 99.31506849315069)
('f', '1M9E_C', 1.72, 99.31506849315069)
('C', '3DS2_A', 1.2, 98.64864864864865)
('D', '3DS2_A', 1.2, 98.64864864864865)
('E', '3DS2_A', 1.2, 98.64864864864865)
('G', '3DS2_A', 1.2, 98.64864864864865)
('H', '1M9E_C', 1.72, 99.31506849315069)
('I', '1M9E_C', 1.72, 99.31506849315069)
('J', '1M9E_C', 1.72, 99.31506849315069)
********************************************************************************
5MDF 8.5 5888
('A', '3DS2_A', 1.2, 98.64864864864865)
('B', '3DS2_A', 1.2, 98.64864864864865)
('F', '3DS2_A', 1.2, 98.64864864864865)
('W', '3DS2_A', 1.2, 98.64864864864865)
('a', '1M9E_C', 1.72, 99.31506849315069)
('b', '1M9E_C', 1.72, 99.31506849315069)
('f', '1M9E_C', 1.72, 99.31506849315069)
('C', '3DS2_A', 1.2, 98.64864864864865)
('D', '3DS2_A', 1.2, 98.64864864864865)
('E', '3DS2_A', 1.2, 98.64864864864865)
('G', '3DS2_A', 1.2, 98.64864864864865)
('H', '1M9E_C', 1.72, 99.31506849315069)
('I', '1M9E_C', 1.72, 99.31506849315069)
('J', '1M9E_C', 1.72, 99.31506849315069)
********************************************************************************
5MDG 8.7 5888
('A', '3DS2_A', 1.2, 98.64864864864865)
('B', '3DS2_A', 1.2, 98.64864864864865)
('F', '3DS2_A', 1.2, 98.64864864864865)
('W', '3DS2_A', 1.2, 98.64864864864865)
('a', '1M9E_C', 1.72, 99.31506849315069)
('b', '1M9E_C', 1.72, 99.31506849315069)
('f', '1M9E_C', 1.72, 99.31506849315069)
('C', '3DS2_A', 1.2, 98.64864864864865)
('D', '3DS2_A', 1.2, 98.64864864864865)
('E', '3DS2_A', 1.2, 98.64864864864865)
('G', '3DS2_A', 1.2, 98.64864864864865)
('H', '1M9E_C', 1.72, 99.31506849315069)
('I', '1M9E_C', 1.72, 99.31506849315069)
('J', '1M9E_C', 1.72, 99.31506849315069)
********************************************************************************
5MDD 8.5 5888
('A', '3DS2_A', 1.2, 98.64864864864865)
('B', '3DS2_A', 1.2, 98.64864864864865)
('F', '3DS2_A', 1.2, 98.64864864864865)
('W', '3DS2_A', 1.2, 98.64864864864865)
('a', '1M9E_C', 1.72, 99.31506849315069)
('b', '1M9E_C', 1.72, 99.31506849315069)
('f', '1M9E_C', 1.72, 99.31506849315069)
('C', '3DS2_A', 1.2, 98.64864864864865)
('D', '3DS2_A', 1.2, 98.64864864864865)
('E', '3DS2_A', 1.2, 98.64864864864865)
('G', '3DS2_A', 1.2, 98.64864864864865)
('H', '1M9E_C', 1.72, 99.31506849315069)
('I', '1M9E_C', 1.72, 99.31506849315069)
('J', '1M9E_C', 1.72, 99.31506849315069)
********************************************************************************
5MDE 8.4 5888
('A', '3DS2_A', 1.2, 98.64864864864865)
('B', '3DS2_A', 1.2, 98.64864864864865)
('F', '3DS2_A', 1.2, 98.64864864864865)
('W', '3DS2_A', 1.2, 98.64864864864865)
('a', '1M9E_C', 1.72, 99.31506849315069)
('b', '1M9E_C', 1.72, 99.31506849315069)
('f', '1M9E_C', 1.72, 99.31506849315069)
('C', '3DS2_A', 1.2, 98.64864864864865)
('D', '3DS2_A', 1.2, 98.64864864864865)
('E', '3DS2_A', 1.2, 98.64864864864865)
('G', '3DS2_A', 1.2, 98.64864864864865)
('H', '1M9E_C', 1.72, 99.31506849315069)
('I', '1M9E_C', 1.72, 99.31506849315069)
('J', '1M9E_C', 1.72, 99.31506849315069)
********************************************************************************
5MD2 8.6 5888
('A', '3DS2_A', 1.2, 98.64864864864865)
('B', '3DS2_A', 1.2, 98.64864864864865)
('F', '3DS2_A', 1.2, 98.64864864864865)
('W', '3DS2_A', 1.2, 98.64864864864865)
('a', '1M9E_C', 1.72, 99.31506849315069)
('b', '1M9E_C', 1.72, 99.31506849315069)
('f', '1M9E_C', 1.72, 99.31506849315069)
('C', '3DS2_A', 1.2, 98.64864864864865)
('D', '3DS2_A', 1.2, 98.64864864864865)
('E', '3DS2_A', 1.2, 98.64864864864865)
('G', '3DS2_A', 1.2, 98.64864864864865)
('H', '1M9E_C', 1.72, 99.31506849315069)
('I', '1M9E_C', 1.72, 99.31506849315069)
('J', '1M9E_C', 1.72, 99.31506849315069)
********************************************************************************
5MD3 8.5 5888
('A', '3DS2_A', 1.2, 98.64864864864865)
('B', '3DS2_A', 1.2, 98.64864864864865)
('F', '3DS2_A', 1.2, 98.64864864864865)
('W', '3DS2_A', 1.2, 98.64864864864865)
('a', '1M9E_C', 1.72, 99.31506849315069)
('b', '1M9E_C', 1.72, 99.31506849315069)
('f', '1M9E_C', 1.72, 99.31506849315069)
('C', '3DS2_A', 1.2, 98.64864864864865)
('D', '3DS2_A', 1.2, 98.64864864864865)
('E', '3DS2_A', 1.2, 98.64864864864865)
('G', '3DS2_A', 1.2, 98.64864864864865)
('H', '1M9E_C', 1.72, 99.31506849315069)
('I', '1M9E_C', 1.72, 99.31506849315069)
('J', '1M9E_C', 1.72, 99.31506849315069)
********************************************************************************
5MD0 8.4 5888
('A', '3DS2_A', 1.2, 98.64864864864865)
('B', '3DS2_A', 1.2, 98.64864864864865)
('F', '3DS2_A', 1.2, 98.64864864864865)
('W', '3DS2_A', 1.2, 98.64864864864865)
('a', '1M9E_C', 1.72, 99.31506849315069)
('b', '1M9E_C', 1.72, 99.31506849315069)
('f', '1M9E_C', 1.72, 99.31506849315069)
('C', '3DS2_A', 1.2, 98.64864864864865)
('D', '3DS2_A', 1.2, 98.64864864864865)
('E', '3DS2_A', 1.2, 98.64864864864865)
('G', '3DS2_A', 1.2, 98.64864864864865)
('H', '1M9E_C', 1.72, 99.31506849315069)
('I', '1M9E_C', 1.72, 99.31506849315069)
('J', '1M9E_C', 1.72, 99.31506849315069)
********************************************************************************
5MD1 8.2 5888
('A', '3DS2_A', 1.2, 98.64864864864865)
('B', '3DS2_A', 1.2, 98.64864864864865)
('F', '3DS2_A', 1.2, 98.64864864864865)
('W', '3DS2_A', 1.2, 98.64864864864865)
('a', '1M9E_C', 1.72, 99.31506849315069)
('b', '1M9E_C', 1.72, 99.31506849315069)
('f', '1M9E_C', 1.72, 99.31506849315069)
('C', '3DS2_A', 1.2, 98.64864864864865)
('D', '3DS2_A', 1.2, 98.64864864864865)
('E', '3DS2_A', 1.2, 98.64864864864865)
('G', '3DS2_A', 1.2, 98.64864864864865)
('H', '1M9E_C', 1.72, 99.31506849315069)
('I', '1M9E_C', 1.72, 99.31506849315069)
('J', '1M9E_C', 1.72, 99.31506849315069)
********************************************************************************
5MD6 8.1 5888
('A', '3DS2_A', 1.2, 98.64864864864865)
('B', '3DS2_A', 1.2, 98.64864864864865)
('F', '3DS2_A', 1.2, 98.64864864864865)
('W', '3DS2_A', 1.2, 98.64864864864865)
('a', '1M9E_C', 1.72, 99.31506849315069)
('b', '1M9E_C', 1.72, 99.31506849315069)
('f', '1M9E_C', 1.72, 99.31506849315069)
('C', '3DS2_A', 1.2, 98.64864864864865)
('D', '3DS2_A', 1.2, 98.64864864864865)
('E', '3DS2_A', 1.2, 98.64864864864865)
('G', '3DS2_A', 1.2, 98.64864864864865)
('H', '1M9E_C', 1.72, 99.31506849315069)
('I', '1M9E_C', 1.72, 99.31506849315069)
('J', '1M9E_C', 1.72, 99.31506849315069)
********************************************************************************
5MD7 8.4 5888
('A', '3DS2_A', 1.2, 98.64864864864865)
('B', '3DS2_A', 1.2, 98.64864864864865)
('F', '3DS2_A', 1.2, 98.64864864864865)
('W', '3DS2_A', 1.2, 98.64864864864865)
('a', '1M9E_C', 1.72, 99.31506849315069)
('b', '1M9E_C', 1.72, 99.31506849315069)
('f', '1M9E_C', 1.72, 99.31506849315069)
('C', '3DS2_A', 1.2, 98.64864864864865)
('D', '3DS2_A', 1.2, 98.64864864864865)
('E', '3DS2_A', 1.2, 98.64864864864865)
('G', '3DS2_A', 1.2, 98.64864864864865)
('H', '1M9E_C', 1.72, 99.31506849315069)
('I', '1M9E_C', 1.72, 99.31506849315069)
('J', '1M9E_C', 1.72, 99.31506849315069)
********************************************************************************
5MD4 8.4 5888
('A', '3DS2_A', 1.2, 98.64864864864865)
('B', '3DS2_A', 1.2, 98.64864864864865)
('F', '3DS2_A', 1.2, 98.64864864864865)
('W', '3DS2_A', 1.2, 98.64864864864865)
('a', '1M9E_C', 1.72, 99.31506849315069)
('b', '1M9E_C', 1.72, 99.31506849315069)
('f', '1M9E_C', 1.72, 99.31506849315069)
('C', '3DS2_A', 1.2, 98.64864864864865)
('D', '3DS2_A', 1.2, 98.64864864864865)
('E', '3DS2_A', 1.2, 98.64864864864865)
('G', '3DS2_A', 1.2, 98.64864864864865)
('H', '1M9E_C', 1.72, 99.31506849315069)
('I', '1M9E_C', 1.72, 99.31506849315069)
('J', '1M9E_C', 1.72, 99.31506849315069)
********************************************************************************
5MD5 8.2 5888
('A', '3DS2_A', 1.2, 98.64864864864865)
('B', '3DS2_A', 1.2, 98.64864864864865)
('F', '3DS2_A', 1.2, 98.64864864864865)
('W', '3DS2_A', 1.2, 98.64864864864865)
('a', '1M9E_C', 1.72, 99.31506849315069)
('b', '1M9E_C', 1.72, 99.31506849315069)
('f', '1M9E_C', 1.72, 99.31506849315069)
('C', '3DS2_A', 1.2, 98.64864864864865)
('D', '3DS2_A', 1.2, 98.64864864864865)
('E', '3DS2_A', 1.2, 98.64864864864865)
('G', '3DS2_A', 1.2, 98.64864864864865)
('H', '1M9E_C', 1.72, 99.31506849315069)
('I', '1M9E_C', 1.72, 99.31506849315069)
('J', '1M9E_C', 1.72, 99.31506849315069)
********************************************************************************
5MD8 8.6 5888
('A', '3DS2_A', 1.2, 98.64864864864865)
('B', '3DS2_A', 1.2, 98.64864864864865)
('F', '3DS2_A', 1.2, 98.64864864864865)
('W', '3DS2_A', 1.2, 98.64864864864865)
('a', '1M9E_C', 1.72, 99.31506849315069)
('b', '1M9E_C', 1.72, 99.31506849315069)
('f', '1M9E_C', 1.72, 99.31506849315069)
('C', '3DS2_A', 1.2, 98.64864864864865)
('D', '3DS2_A', 1.2, 98.64864864864865)
('E', '3DS2_A', 1.2, 98.64864864864865)
('G', '3DS2_A', 1.2, 98.64864864864865)
('H', '1M9E_C', 1.72, 99.31506849315069)
('I', '1M9E_C', 1.72, 99.31506849315069)
('J', '1M9E_C', 1.72, 99.31506849315069)
********************************************************************************
5MD9 8.0 5888
('A', '3DS2_A', 1.2, 98.64864864864865)
('B', '3DS2_A', 1.2, 98.64864864864865)
('F', '3DS2_A', 1.2, 98.64864864864865)
('W', '3DS2_A', 1.2, 98.64864864864865)
('a', '1M9E_C', 1.72, 99.31506849315069)
('b', '1M9E_C', 1.72, 99.31506849315069)
('f', '1M9E_C', 1.72, 99.31506849315069)
('C', '3DS2_A', 1.2, 98.64864864864865)
('D', '3DS2_A', 1.2, 98.64864864864865)
('E', '3DS2_A', 1.2, 98.64864864864865)
('G', '3DS2_A', 1.2, 98.64864864864865)
('H', '1M9E_C', 1.72, 99.31506849315069)
('I', '1M9E_C', 1.72, 99.31506849315069)
('J', '1M9E_C', 1.72, 99.31506849315069)
********************************************************************************
5KC7 7.04 4276
('A', '5KWR_A', 1.8, 100.0)
('B', '5KWR_A', 1.8, 100.0)
('C', '5KWR_A', 1.8, 100.0)
('D', '5KWR_A', 1.8, 100.0)
********************************************************************************
2LZH 6.0 129
('A', '5HMV_A', 0.98, 100.0)
********************************************************************************
3VQK 4.5 5124
('A', '3AAB_A', 1.85, 98.13084112149532)
('B', '3AAB_A', 1.85, 98.13084112149532)
('C', '3AAB_A', 1.85, 98.13084112149532)
('D', '3AAB_A', 1.85, 98.13084112149532)
('E', '3AAB_A', 1.85, 98.13084112149532)
('F', '3AAB_A', 1.85, 98.13084112149532)
********************************************************************************
4XCR 3.6 3085
('A', '4BCZ_A', 1.93, 99.0909090909091)
('B', '4BCZ_A', 1.93, 99.0909090909091)
********************************************************************************
1Z9X 3.93 7407
('A', '2A2A_A', 1.47, 100.0)
('B', '2A2A_A', 1.47, 100.0)
('C', '2A2A_A', 1.47, 100.0)
********************************************************************************
2BGY 20.0 2156
('A', '1WLG_A', 1.8, 100.0)
********************************************************************************
3GPM 3.8 1990
('A', '5V7M_A', 1.93, 98.81889763779527)
********************************************************************************
3USV 3.8 3020
('A', '4QRV_A', 1.98, 99.67532467532467)
('C', '4QRV_A', 1.98, 99.67532467532467)
********************************************************************************
2BGZ 12.0 2156
('A', '1WLG_A', 1.8, 100.0)
********************************************************************************
3K1B 4.39 10508
('A', '4GCP_A', 1.98, 100.0)
('B', '4GCP_A', 1.98, 100.0)
('C', '4GCP_A', 1.98, 100.0)
('D', '4GCP_A', 1.98, 100.0)
********************************************************************************
3K19 3.79 31524
('A', '4GCP_A', 1.98, 100.0)
('B', '4GCP_A', 1.98, 100.0)
('C', '4GCP_A', 1.98, 100.0)
('D', '4GCP_A', 1.98, 100.0)
('E', '4GCP_A', 1.98, 100.0)
('F', '4GCP_A', 1.98, 100.0)
('G', '4GCP_A', 1.98, 100.0)
('H', '4GCP_A', 1.98, 100.0)
('I', '4GCP_A', 1.98, 100.0)
('J', '4GCP_A', 1.98, 100.0)
('K', '4GCP_A', 1.98, 100.0)
('L', '4GCP_A', 1.98, 100.0)
********************************************************************************
5FJB 9.0 4664
('A', '3NTE_A', 1.95, 100.0)
('B', '3NTE_A', 1.95, 100.0)
('C', '4N1M_A', 1.15, 100.0)
********************************************************************************
3J4F 8.6 10799
('A', '3NTE_A', 1.95, 98.19004524886878)
('B', '3NTE_A', 1.95, 98.19004524886878)
('C', '3NTE_A', 1.95, 98.19004524886878)
('D', '3NTE_A', 1.95, 98.19004524886878)
('E', '3NTE_A', 1.95, 98.19004524886878)
('F', '3NTE_A', 1.95, 98.19004524886878)
********************************************************************************
5MPP 3.94 70560
('A', '1HQK_A', 1.6, 99.35064935064935)
('B', '1HQK_A', 1.6, 99.35064935064935)
('C', '1HQK_A', 1.6, 99.35064935064935)
('D', '1HQK_A', 1.6, 99.35064935064935)
('E', '1HQK_A', 1.6, 99.35064935064935)
('F', '1HQK_A', 1.6, 99.35064935064935)
('G', '1HQK_A', 1.6, 99.35064935064935)
('H', '1HQK_A', 1.6, 99.35064935064935)
('I', '1HQK_A', 1.6, 99.35064935064935)
('J', '1HQK_A', 1.6, 99.35064935064935)
('K', '1HQK_A', 1.6, 99.35064935064935)
('L', '1HQK_A', 1.6, 99.35064935064935)
('M', '1HQK_A', 1.6, 99.35064935064935)
('N', '1HQK_A', 1.6, 99.35064935064935)
('O', '1HQK_A', 1.6, 99.35064935064935)
('P', '1HQK_A', 1.6, 99.35064935064935)
('Q', '1HQK_A', 1.6, 99.35064935064935)
('R', '1HQK_A', 1.6, 99.35064935064935)
('S', '1HQK_A', 1.6, 99.35064935064935)
('T', '1HQK_A', 1.6, 99.35064935064935)
('U', '1HQK_A', 1.6, 99.35064935064935)
('V', '1HQK_A', 1.6, 99.35064935064935)
('W', '1HQK_A', 1.6, 99.35064935064935)
('X', '1HQK_A', 1.6, 99.35064935064935)
('Y', '1HQK_A', 1.6, 99.35064935064935)
('Z', '1HQK_A', 1.6, 99.35064935064935)
('0', '1HQK_A', 1.6, 99.35064935064935)
('1', '1HQK_A', 1.6, 99.35064935064935)
('2', '1HQK_A', 1.6, 99.35064935064935)
('3', '1HQK_A', 1.6, 99.35064935064935)
('4', '1HQK_A', 1.6, 99.35064935064935)
('5', '1HQK_A', 1.6, 99.35064935064935)
('6', '1HQK_A', 1.6, 99.35064935064935)
('7', '1HQK_A', 1.6, 99.35064935064935)
('8', '1HQK_A', 1.6, 99.35064935064935)
('9', '1HQK_A', 1.6, 99.35064935064935)
('a', '1HQK_A', 1.6, 99.35064935064935)
('b', '1HQK_A', 1.6, 99.35064935064935)
('c', '1HQK_A', 1.6, 99.35064935064935)
('d', '1HQK_A', 1.6, 99.35064935064935)
('e', '1HQK_A', 1.6, 99.35064935064935)
('f', '1HQK_A', 1.6, 99.35064935064935)
('g', '1HQK_A', 1.6, 99.35064935064935)
('h', '1HQK_A', 1.6, 99.35064935064935)
('i', '1HQK_A', 1.6, 99.35064935064935)
('j', '1HQK_A', 1.6, 99.35064935064935)
('k', '1HQK_A', 1.6, 99.35064935064935)
('l', '1HQK_A', 1.6, 99.35064935064935)
('m', '1HQK_A', 1.6, 99.35064935064935)
('n', '1HQK_A', 1.6, 99.35064935064935)
('o', '1HQK_A', 1.6, 99.35064935064935)
('p', '1HQK_A', 1.6, 99.35064935064935)
('q', '1HQK_A', 1.6, 99.35064935064935)
('r', '1HQK_A', 1.6, 99.35064935064935)
('s', '1HQK_A', 1.6, 99.35064935064935)
('t', '1HQK_A', 1.6, 99.35064935064935)
('u', '1HQK_A', 1.6, 99.35064935064935)
('v', '1HQK_A', 1.6, 99.35064935064935)
('w', '1HQK_A', 1.6, 99.35064935064935)
('x', '1HQK_A', 1.6, 99.35064935064935)
********************************************************************************
4V1W 4.7 32736
('A', '2ZA8_A', 1.4, 99.39024390243902)
('B', '2ZA8_A', 1.4, 99.39024390243902)
('C', '2ZA8_A', 1.4, 99.39024390243902)
('D', '2ZA8_A', 1.4, 99.39024390243902)
('E', '2ZA8_A', 1.4, 99.39024390243902)
('F', '2ZA8_A', 1.4, 99.39024390243902)
('G', '2ZA8_A', 1.4, 99.39024390243902)
('H', '2ZA8_A', 1.4, 99.39024390243902)
('I', '2ZA8_A', 1.4, 99.39024390243902)
('J', '2ZA8_A', 1.4, 99.39024390243902)
('K', '2ZA8_A', 1.4, 99.39024390243902)
('L', '2ZA8_A', 1.4, 99.39024390243902)
('M', '2ZA8_A', 1.4, 99.39024390243902)
('N', '2ZA8_A', 1.4, 99.39024390243902)
('O', '2ZA8_A', 1.4, 99.39024390243902)
('P', '2ZA8_A', 1.4, 99.39024390243902)
('Q', '2ZA8_A', 1.4, 99.39024390243902)
('R', '2ZA8_A', 1.4, 99.39024390243902)
('S', '2ZA8_A', 1.4, 99.39024390243902)
('T', '2ZA8_A', 1.4, 99.39024390243902)
('U', '2ZA8_A', 1.4, 99.39024390243902)
('V', '2ZA8_A', 1.4, 99.39024390243902)
('W', '2ZA8_A', 1.4, 99.39024390243902)
('X', '2ZA8_A', 1.4, 99.39024390243902)
********************************************************************************
4H56 3.9 27963
('A', '4I0N_A', 1.8, 100.0)
('B', '4I0N_A', 1.8, 100.0)
('C', '4I0N_A', 1.8, 100.0)
('D', '4I0N_A', 1.8, 100.0)
('E', '4I0N_A', 1.8, 100.0)
('F', '4I0N_A', 1.8, 100.0)
('G', '4I0N_A', 1.8, 100.0)
('H', '4I0N_A', 1.8, 100.0)
('I', '4I0N_A', 1.8, 100.0)
('J', '4I0N_A', 1.8, 100.0)
('K', '4I0N_A', 1.8, 100.0)
('L', '4I0N_A', 1.8, 100.0)
('M', '4I0N_A', 1.8, 100.0)
('N', '4I0N_A', 1.8, 100.0)
********************************************************************************
2Y22 3.7 3342
('A', '4M5S_A', 1.37, 98.80952380952381)
('B', '4M5S_A', 1.37, 98.6842105263158)
('C', '4M5S_A', 1.37, 98.64864864864865)
('D', '4M5S_A', 1.37, 98.75)
('E', '4M5S_A', 1.37, 98.7012987012987)
('F', '4M5S_A', 1.37, 98.64864864864865)
********************************************************************************
5AGC 4.0 7250
('A', '2ZD7_A', 1.85, 100.0)
('B', '2ZD7_A', 1.85, 100.0)
('C', '2ZD7_A', 1.85, 100.0)
('D', '2ZD7_A', 1.85, 100.0)
********************************************************************************
5LQP 6.0 174240
('AB', '5FS4_A', 1.73, 98.44961240310077)
('AC', '5FS4_A', 1.73, 98.44961240310077)
('AD', '5FS4_A', 1.73, 98.44961240310077)
('AE', '5FS4_A', 1.73, 98.44961240310077)
('AF', '5FS4_A', 1.73, 98.44961240310077)
('AG', '5FS4_A', 1.73, 98.44961240310077)
('AH', '5FS4_A', 1.73, 98.44961240310077)
('AI', '5FS4_A', 1.73, 98.44961240310077)
('AJ', '5FS4_A', 1.73, 98.44961240310077)
('AK', '5FS4_A', 1.73, 98.44961240310077)
('AL', '5FS4_A', 1.73, 98.44961240310077)
('AM', '5FS4_A', 1.73, 98.44961240310077)
('AN', '5FS4_A', 1.73, 98.44961240310077)
('AO', '5FS4_A', 1.73, 98.44961240310077)
('AP', '5FS4_A', 1.73, 98.44961240310077)
('AQ', '5FS4_A', 1.73, 98.44961240310077)
('AR', '5FS4_A', 1.73, 98.44961240310077)
('AS', '5FS4_A', 1.73, 98.44961240310077)
('AT', '5FS4_A', 1.73, 98.44961240310077)
('AU', '5FS4_A', 1.73, 98.44961240310077)
('AV', '5FS4_A', 1.73, 98.44961240310077)
('AW', '5FS4_A', 1.73, 98.44961240310077)
('AX', '5FS4_A', 1.73, 98.44961240310077)
('AY', '5FS4_A', 1.73, 98.44961240310077)
('AZ', '5FS4_A', 1.73, 98.44961240310077)
('BA', '5FS4_A', 1.73, 98.44961240310077)
('BB', '5FS4_A', 1.73, 98.44961240310077)
('BC', '5FS4_A', 1.73, 98.44961240310077)
('BD', '5FS4_A', 1.73, 98.44961240310077)
('BE', '5FS4_A', 1.73, 98.44961240310077)
('BF', '5FS4_A', 1.73, 98.44961240310077)
('BG', '5FS4_A', 1.73, 98.44961240310077)
('BH', '5FS4_A', 1.73, 98.44961240310077)
('BI', '5FS4_A', 1.73, 98.44961240310077)
('BJ', '5FS4_A', 1.73, 98.44961240310077)
('BK', '5FS4_A', 1.73, 98.44961240310077)
('BL', '5FS4_A', 1.73, 98.44961240310077)
('BM', '5FS4_A', 1.73, 98.44961240310077)
('BN', '5FS4_A', 1.73, 98.44961240310077)
('BO', '5FS4_A', 1.73, 98.44961240310077)
('BP', '5FS4_A', 1.73, 98.44961240310077)
('BQ', '5FS4_A', 1.73, 98.44961240310077)
('BR', '5FS4_A', 1.73, 98.44961240310077)
('BS', '5FS4_A', 1.73, 98.44961240310077)
('BT', '5FS4_A', 1.73, 98.44961240310077)
('BU', '5FS4_A', 1.73, 98.44961240310077)
('BV', '5FS4_A', 1.73, 98.44961240310077)
('BW', '5FS4_A', 1.73, 98.44961240310077)
('BX', '5FS4_A', 1.73, 98.44961240310077)
('BY', '5FS4_A', 1.73, 98.44961240310077)
('BZ', '5FS4_A', 1.73, 98.44961240310077)
('CA', '5FS4_A', 1.73, 98.44961240310077)
('CB', '5FS4_A', 1.73, 98.44961240310077)
('CC', '5FS4_A', 1.73, 98.44961240310077)
('CD', '5FS4_A', 1.73, 98.44961240310077)
('CE', '5FS4_A', 1.73, 98.44961240310077)
('CF', '5FS4_A', 1.73, 98.44961240310077)
('CG', '5FS4_A', 1.73, 98.44961240310077)
('CH', '5FS4_A', 1.73, 98.44961240310077)
('CI', '5FS4_A', 1.73, 98.44961240310077)
('CJ', '5FS4_A', 1.73, 98.44961240310077)
('CK', '5FS4_A', 1.73, 98.44961240310077)
('CL', '5FS4_A', 1.73, 98.44961240310077)
('CM', '5FS4_A', 1.73, 98.44961240310077)
('CN', '5FS4_A', 1.73, 98.44961240310077)
('CO', '5FS4_A', 1.73, 98.44961240310077)
('CP', '5FS4_A', 1.73, 98.44961240310077)
('CQ', '5FS4_A', 1.73, 98.44961240310077)
('CR', '5FS4_A', 1.73, 98.44961240310077)
('CS', '5FS4_A', 1.73, 98.44961240310077)
('CT', '5FS4_A', 1.73, 98.44961240310077)
('CU', '5FS4_A', 1.73, 98.44961240310077)
('CV', '5FS4_A', 1.73, 98.44961240310077)
('CW', '5FS4_A', 1.73, 98.44961240310077)
('CX', '5FS4_A', 1.73, 98.44961240310077)
('CY', '5FS4_A', 1.73, 98.44961240310077)
('CZ', '5FS4_A', 1.73, 98.44961240310077)
('DA', '5FS4_A', 1.73, 98.44961240310077)
('DB', '5FS4_A', 1.73, 98.44961240310077)
('DC', '5FS4_A', 1.73, 98.44961240310077)
('DD', '5FS4_A', 1.73, 98.44961240310077)
('DE', '5FS4_A', 1.73, 98.44961240310077)
('DF', '5FS4_A', 1.73, 98.44961240310077)
('DG', '5FS4_A', 1.73, 98.44961240310077)
('DH', '5FS4_A', 1.73, 98.44961240310077)
('DI', '5FS4_A', 1.73, 98.44961240310077)
('DJ', '5FS4_A', 1.73, 98.44961240310077)
('DK', '5FS4_A', 1.73, 98.44961240310077)
('DL', '5FS4_A', 1.73, 98.44961240310077)
('DM', '5FS4_A', 1.73, 98.44961240310077)
('DN', '5FS4_A', 1.73, 98.44961240310077)
('DO', '5FS4_A', 1.73, 98.44961240310077)
('DP', '5FS4_A', 1.73, 98.44961240310077)
('DQ', '5FS4_A', 1.73, 98.44961240310077)
('DR', '5FS4_A', 1.73, 98.44961240310077)
('DS', '5FS4_A', 1.73, 98.44961240310077)
('DT', '5FS4_A', 1.73, 98.44961240310077)
('DU', '5FS4_A', 1.73, 98.44961240310077)
('DV', '5FS4_A', 1.73, 98.44961240310077)
('DW', '5FS4_A', 1.73, 98.44961240310077)
('DX', '5FS4_A', 1.73, 98.44961240310077)
('DY', '5FS4_A', 1.73, 98.44961240310077)
('DZ', '5FS4_A', 1.73, 98.44961240310077)
('EA', '5FS4_A', 1.73, 98.44961240310077)
('EB', '5FS4_A', 1.73, 98.44961240310077)
('EC', '5FS4_A', 1.73, 98.44961240310077)
('ED', '5FS4_A', 1.73, 98.44961240310077)
('EE', '5FS4_A', 1.73, 98.44961240310077)
('EF', '5FS4_A', 1.73, 98.44961240310077)
('EG', '5FS4_A', 1.73, 98.44961240310077)
('EH', '5FS4_A', 1.73, 98.44961240310077)
('EI', '5FS4_A', 1.73, 98.44961240310077)
('EJ', '5FS4_A', 1.73, 98.44961240310077)
('EK', '5FS4_A', 1.73, 98.44961240310077)
('EL', '5FS4_A', 1.73, 98.44961240310077)
('EM', '5FS4_A', 1.73, 98.44961240310077)
('EN', '5FS4_A', 1.73, 98.44961240310077)
('EO', '5FS4_A', 1.73, 98.44961240310077)
('EP', '5FS4_A', 1.73, 98.44961240310077)
('EQ', '5FS4_A', 1.73, 98.44961240310077)
('ER', '5FS4_A', 1.73, 98.44961240310077)
('ES', '5FS4_A', 1.73, 98.44961240310077)
('ET', '5FS4_A', 1.73, 98.44961240310077)
('EU', '5FS4_A', 1.73, 98.44961240310077)
('EV', '5FS4_A', 1.73, 98.44961240310077)
('EW', '5FS4_A', 1.73, 98.44961240310077)
('EX', '5FS4_A', 1.73, 98.44961240310077)
('EY', '5FS4_A', 1.73, 98.44961240310077)
('EZ', '5FS4_A', 1.73, 98.44961240310077)
('FA', '5FS4_A', 1.73, 98.44961240310077)
('FB', '5FS4_A', 1.73, 98.44961240310077)
('FC', '5FS4_A', 1.73, 98.44961240310077)
('FD', '5FS4_A', 1.73, 98.44961240310077)
('FE', '5FS4_A', 1.73, 98.44961240310077)
('FF', '5FS4_A', 1.73, 98.44961240310077)
('FG', '5FS4_A', 1.73, 98.44961240310077)
('FH', '5FS4_A', 1.73, 98.44961240310077)
('FI', '5FS4_A', 1.73, 98.44961240310077)
('FJ', '5FS4_A', 1.73, 98.44961240310077)
('FK', '5FS4_A', 1.73, 98.44961240310077)
('FL', '5FS4_A', 1.73, 98.44961240310077)
('FM', '5FS4_A', 1.73, 98.44961240310077)
('FN', '5FS4_A', 1.73, 98.44961240310077)
('FO', '5FS4_A', 1.73, 98.44961240310077)
('FP', '5FS4_A', 1.73, 98.44961240310077)
('FQ', '5FS4_A', 1.73, 98.44961240310077)
('FR', '5FS4_A', 1.73, 98.44961240310077)
('FS', '5FS4_A', 1.73, 98.44961240310077)
('FT', '5FS4_A', 1.73, 98.44961240310077)
('FU', '5FS4_A', 1.73, 98.44961240310077)
('FV', '5FS4_A', 1.73, 98.44961240310077)
('FW', '5FS4_A', 1.73, 98.44961240310077)
('FX', '5FS4_A', 1.73, 98.44961240310077)
('FY', '5FS4_A', 1.73, 98.44961240310077)
('FZ', '5FS4_A', 1.73, 98.44961240310077)
('GA', '5FS4_A', 1.73, 98.44961240310077)
('GB', '5FS4_A', 1.73, 98.44961240310077)
('GC', '5FS4_A', 1.73, 98.44961240310077)
('GD', '5FS4_A', 1.73, 98.44961240310077)
('GE', '5FS4_A', 1.73, 98.44961240310077)
('GF', '5FS4_A', 1.73, 98.44961240310077)
('GG', '5FS4_A', 1.73, 98.44961240310077)
('GH', '5FS4_A', 1.73, 98.44961240310077)
('GI', '5FS4_A', 1.73, 98.44961240310077)
('GJ', '5FS4_A', 1.73, 98.44961240310077)
('GK', '5FS4_A', 1.73, 98.44961240310077)
('GL', '5FS4_A', 1.73, 98.44961240310077)
('GM', '5FS4_A', 1.73, 98.44961240310077)
('GN', '5FS4_A', 1.73, 98.44961240310077)
('GO', '5FS4_A', 1.73, 98.44961240310077)
('GP', '5FS4_A', 1.73, 98.44961240310077)
('GQ', '5FS4_A', 1.73, 98.44961240310077)
('GR', '5FS4_A', 1.73, 98.44961240310077)
('GS', '5FS4_A', 1.73, 98.44961240310077)
('GT', '5FS4_A', 1.73, 98.44961240310077)
('GU', '5FS4_A', 1.73, 98.44961240310077)
('GV', '5FS4_A', 1.73, 98.44961240310077)
('GW', '5FS4_A', 1.73, 98.44961240310077)
('GX', '5FS4_A', 1.73, 98.44961240310077)
('GY', '5FS4_A', 1.73, 98.44961240310077)
********************************************************************************
3J34 8.6 75600
('A', '3NTE_A', 1.95, 98.19004524886878)
('B', '3NTE_A', 1.95, 98.19004524886878)
('C', '3NTE_A', 1.95, 98.19004524886878)
('D', '3NTE_A', 1.95, 98.19004524886878)
('E', '3NTE_A', 1.95, 98.19004524886878)
('F', '3NTE_A', 1.95, 98.19004524886878)
('G', '3NTE_A', 1.95, 98.19004524886878)
('H', '3NTE_A', 1.95, 98.19004524886878)
('I', '3NTE_A', 1.95, 98.19004524886878)
('J', '3NTE_A', 1.95, 98.19004524886878)
('K', '3NTE_A', 1.95, 98.19004524886878)
('L', '3NTE_A', 1.95, 98.19004524886878)
('M', '3NTE_A', 1.95, 98.19004524886878)
('N', '3NTE_A', 1.95, 98.19004524886878)
('O', '3NTE_A', 1.95, 98.19004524886878)
('P', '3NTE_A', 1.95, 98.19004524886878)
('Q', '3NTE_A', 1.95, 98.19004524886878)
('R', '3NTE_A', 1.95, 98.19004524886878)
('S', '3NTE_A', 1.95, 98.19004524886878)
('T', '3NTE_A', 1.95, 98.19004524886878)
('U', '3NTE_A', 1.95, 98.19004524886878)
('V', '3NTE_A', 1.95, 98.19004524886878)
('W', '3NTE_A', 1.95, 98.19004524886878)
('X', '3NTE_A', 1.95, 98.19004524886878)
('Y', '3NTE_A', 1.95, 98.19004524886878)
('Z', '3NTE_A', 1.95, 98.19004524886878)
('5', '3NTE_A', 1.95, 98.19004524886878)
('a', '3NTE_A', 1.95, 98.19004524886878)
('b', '3NTE_A', 1.95, 98.19004524886878)
('c', '3NTE_A', 1.95, 98.19004524886878)
('6', '3NTE_A', 1.95, 98.19004524886878)
('i', '3NTE_A', 1.95, 98.19004524886878)
('j', '3NTE_A', 1.95, 98.19004524886878)
('k', '3NTE_A', 1.95, 98.19004524886878)
('l', '3NTE_A', 1.95, 98.19004524886878)
('m', '3NTE_A', 1.95, 98.19004524886878)
('7', '3NTE_A', 1.95, 98.19004524886878)
('d', '3NTE_A', 1.95, 98.19004524886878)
('e', '3NTE_A', 1.95, 98.19004524886878)
('f', '3NTE_A', 1.95, 98.19004524886878)
('g', '3NTE_A', 1.95, 98.19004524886878)
('h', '3NTE_A', 1.95, 98.19004524886878)
********************************************************************************
6BNU 7.5 14448
('A', '1QZ5_A', 1.45, 99.7275204359673)
('B', '1QZ5_A', 1.45, 99.7275204359673)
('C', '1QZ5_A', 1.45, 99.7275204359673)
('D', '1QZ5_A', 1.45, 99.7275204359673)
('E', '1QZ5_A', 1.45, 99.7275204359673)
('F', '1QZ5_A', 1.45, 99.7275204359673)
('G', '1QZ5_A', 1.45, 99.7275204359673)
('H', '1QZ5_A', 1.45, 99.7275204359673)
********************************************************************************
5LY6 4.5 3725
('B', '5CR6_D', 1.98, 98.08917197452229)
********************************************************************************
6IZI 11.8 430
('P', '2W3T_A', 1.69, 100.0)
('Q', '2GG0_A', 1.28, 99.61832061068702)
********************************************************************************
6IZ7 11.8 262
('P', '2GG0_A', 1.28, 99.61832061068702)
********************************************************************************
2QZD 14.0 507
('A', '1H03_P', 1.7, 100.0)
********************************************************************************
1GW7 13.5 34170
('A', '1CJD_A', 1.85, 100.0)
('B', '1CJD_A', 1.85, 100.0)
('C', '1CJD_A', 1.85, 100.0)
('D', '1CJD_A', 1.85, 100.0)
('E', '1CJD_A', 1.85, 100.0)
('F', '1CJD_A', 1.85, 100.0)
('G', '1CJD_A', 1.85, 100.0)
('H', '1CJD_A', 1.85, 100.0)
('I', '1CJD_A', 1.85, 100.0)
('J', '1CJD_A', 1.85, 100.0)
('K', '1CJD_A', 1.85, 100.0)
('L', '1CJD_A', 1.85, 100.0)
********************************************************************************
1GW8 13.3 34170
('A', '1CJD_A', 1.85, 99.73118279569893)
('B', '1CJD_A', 1.85, 100.0)
('C', '1CJD_A', 1.85, 100.0)
('D', '1CJD_A', 1.85, 99.73118279569893)
('E', '1CJD_A', 1.85, 100.0)
('F', '1CJD_A', 1.85, 100.0)
('G', '1CJD_A', 1.85, 99.73118279569893)
('H', '1CJD_A', 1.85, 100.0)
('I', '1CJD_A', 1.85, 100.0)
('J', '1CJD_A', 1.85, 99.73118279569893)
('K', '1CJD_A', 1.85, 100.0)
('L', '1CJD_A', 1.85, 100.0)
********************************************************************************
3J8J 12.0 31834
('A', '1QZ5_A', 1.45, 99.73045822102426)
('B', '1QZ5_A', 1.45, 99.73045822102426)
('C', '1QZ5_A', 1.45, 99.73045822102426)
('D', '1QZ5_A', 1.45, 99.73045822102426)
('E', '1QZ5_A', 1.45, 99.73045822102426)
('F', '1QZ5_A', 1.45, 99.73045822102426)
('G', '1QZ5_A', 1.45, 99.73045822102426)
('H', '1QZ5_A', 1.45, 99.73045822102426)
('I', '1QZ5_A', 1.45, 99.73045822102426)
('J', '1QZ5_A', 1.45, 99.73045822102426)
('K', '1QZ5_A', 1.45, 99.73045822102426)
********************************************************************************
4JFB 3.8 15765
('A', '4GCP_A', 1.98, 100.0)
('B', '4GCP_A', 1.98, 100.0)
('C', '4GCP_A', 1.98, 100.0)
('D', '4GCP_A', 1.98, 100.0)
('E', '4GCP_A', 1.98, 100.0)
('F', '4GCP_A', 1.98, 100.0)
********************************************************************************
6MRW 4.3 31346
('A', '4PHQ_A', 1.94, 98.59649122807018)
('B', '4PHQ_A', 1.94, 98.59649122807018)
('C', '4PHQ_A', 1.94, 98.59649122807018)
('D', '4PHQ_A', 1.94, 98.59649122807018)
('E', '4PHQ_A', 1.94, 98.59649122807018)
('F', '4PHQ_A', 1.94, 98.59649122807018)
('G', '4PHQ_A', 1.94, 98.59649122807018)
('H', '4PHQ_A', 1.94, 98.59649122807018)
('I', '4PHQ_A', 1.94, 98.59649122807018)
('J', '4PHQ_A', 1.94, 98.59649122807018)
('K', '4PHQ_A', 1.94, 98.59649122807018)
('L', '4PHQ_A', 1.94, 98.59649122807018)
('M', '4PHQ_A', 1.94, 98.59649122807018)
('N', '4PHQ_A', 1.94, 98.59649122807018)
********************************************************************************
6C6D 5.5 10284
('A', '1B3A_A', 1.6, 100.0)
('B', '1B3A_A', 1.6, 100.0)
('C', '1B3A_A', 1.6, 100.0)
('D', '1B3A_A', 1.6, 100.0)
('E', '1B3A_A', 1.6, 100.0)
('F', '1B3A_A', 1.6, 100.0)
('G', '1B3A_A', 1.6, 100.0)
('H', '1B3A_A', 1.6, 100.0)
('I', '1B3A_A', 1.6, 100.0)
('J', '1B3A_A', 1.6, 100.0)
('K', '1B3A_A', 1.6, 100.0)
('L', '1B3A_A', 1.6, 100.0)
('S', '1B3A_A', 1.6, 100.0)
('T', '1B3A_A', 1.6, 100.0)
('M', '1B3A_A', 1.6, 100.0)
('N', '1B3A_A', 1.6, 100.0)
('O', '1B3A_A', 1.6, 100.0)
('P', '1B3A_A', 1.6, 100.0)
('Q', '1B3A_A', 1.6, 100.0)
('R', '1B3A_A', 1.6, 100.0)
********************************************************************************
2R1C 12.5 736
('A', '2DYJ_A', 1.84, 100.0)
********************************************************************************
1HB9 25.0 36364
('A', '1CJD_A', 1.85, 100.0)
('B', '1CJD_A', 1.85, 100.0)
('C', '1CJD_A', 1.85, 100.0)
('D', '1CJD_A', 1.85, 100.0)
('E', '1CJD_A', 1.85, 100.0)
('F', '1CJD_A', 1.85, 100.0)
('G', '1CJD_A', 1.85, 100.0)
('H', '1CJD_A', 1.85, 100.0)
('I', '1CJD_A', 1.85, 100.0)
('J', '1CJD_A', 1.85, 100.0)
('K', '1CJD_A', 1.85, 100.0)
('L', '1CJD_A', 1.85, 100.0)
********************************************************************************
5MCZ 8.2 5888
('A', '3DS2_A', 1.2, 98.64864864864865)
('B', '3DS2_A', 1.2, 98.64864864864865)
('F', '3DS2_A', 1.2, 98.64864864864865)
('W', '3DS2_A', 1.2, 98.64864864864865)
('a', '1M9E_C', 1.72, 99.31506849315069)
('b', '1M9E_C', 1.72, 99.31506849315069)
('f', '1M9E_C', 1.72, 99.31506849315069)
('C', '3DS2_A', 1.2, 98.64864864864865)
('D', '3DS2_A', 1.2, 98.64864864864865)
('E', '3DS2_A', 1.2, 98.64864864864865)
('G', '3DS2_A', 1.2, 98.64864864864865)
('H', '1M9E_C', 1.72, 99.31506849315069)
('I', '1M9E_C', 1.72, 99.31506849315069)
('J', '1M9E_C', 1.72, 99.31506849315069)
********************************************************************************
5MCY 8.8 17660
('A', '3H47_A', 1.9, 98.19004524886878)
('B', '3H47_A', 1.9, 98.19004524886878)
('F', '3H47_A', 1.9, 98.19004524886878)
('R', '3H47_A', 1.9, 98.19004524886878)
('S', '3H47_A', 1.9, 98.19004524886878)
('T', '3H47_A', 1.9, 98.19004524886878)
('P', '3H47_A', 1.9, 98.19004524886878)
('Q', '3H47_A', 1.9, 98.19004524886878)
('M', '3H47_A', 1.9, 98.19004524886878)
('N', '3H47_A', 1.9, 98.19004524886878)
('O', '3H47_A', 1.9, 98.19004524886878)
('G', '3H47_A', 1.9, 98.19004524886878)
('d', '3H47_A', 1.9, 98.19004524886878)
('g', '3H47_A', 1.9, 98.19004524886878)
('b', '3H47_A', 1.9, 98.19004524886878)
('e', '3H47_A', 1.9, 98.19004524886878)
('h', '3H47_A', 1.9, 98.19004524886878)
('Z', '3H47_A', 1.9, 98.19004524886878)
('c', '3H47_A', 1.9, 98.19004524886878)
('f', '3H47_A', 1.9, 98.19004524886878)
********************************************************************************
5MCX 6.8 21192
('A', '3H47_A', 1.9, 98.19004524886878)
('B', '3H47_A', 1.9, 98.19004524886878)
('C', '3H47_A', 1.9, 98.19004524886878)
('D', '3H47_A', 1.9, 98.19004524886878)
('E', '3H47_A', 1.9, 98.19004524886878)
('F', '3H47_A', 1.9, 98.19004524886878)
('I', '3H47_A', 1.9, 98.19004524886878)
('J', '3H47_A', 1.9, 98.19004524886878)
('K', '3H47_A', 1.9, 98.19004524886878)
('U', '3H47_A', 1.9, 98.19004524886878)
('V', '3H47_A', 1.9, 98.19004524886878)
('W', '3H47_A', 1.9, 98.19004524886878)
('Z', '3H47_A', 1.9, 98.19004524886878)
('b', '3H47_A', 1.9, 98.19004524886878)
('R', '3H47_A', 1.9, 98.19004524886878)
('c', '3H47_A', 1.9, 98.19004524886878)
('G', '3H47_A', 1.9, 98.19004524886878)
('S', '3H47_A', 1.9, 98.19004524886878)
('L', '3H47_A', 1.9, 98.19004524886878)
('N', '3H47_A', 1.9, 98.19004524886878)
('P', '3H47_A', 1.9, 98.19004524886878)
('O', '3H47_A', 1.9, 98.19004524886878)
('Q', '3H47_A', 1.9, 98.19004524886878)
('Y', '3H47_A', 1.9, 98.19004524886878)
********************************************************************************
