2R4O 3.6 6486 X-RAY DIFFRACTION
('A', '3PGU_A', 1.7, 98.812351543943)
('B', '3PGU_A', 1.7, 98.812351543943)
********************************************************************************
5N6I 3.6 17712 X-RAY DIFFRACTION
('A', '4O6A_A', 1.86, 100.0)
('B', '4O6A_A', 1.86, 100.0)
('C', '4O6A_A', 1.86, 100.0)
('D', '4O6A_A', 1.86, 100.0)
('E', '4O6A_A', 1.86, 100.0)
('F', '4O6A_A', 1.86, 100.0)
********************************************************************************
FAILED: /home/pdb/pdb/gl/pdb4gl9.ent.gz mismatched tag: line 22, column 2
3IO6 3.7 9251 X-RAY DIFFRACTION
('A', '4IRL_A', 1.47, 96.3157894736842)
('C', '4IRL_A', 1.47, 96.3157894736842)
('B', '3Q26_A', 1.54, 95.84415584415585)
********************************************************************************
5CCH 3.6 6321 X-RAY DIFFRACTION
('A', '1N7S_A', 1.45, 100.0)
('B', '1N7S_B', 1.45, 100.0)
('C', '1N7S_C', 1.45, 100.0)
('D', '1N7S_D', 1.45, 100.0)
('E', '5W5C_F', 1.85, 100.0)
('F', '5W5C_F', 1.85, 95.3405017921147)
********************************************************************************
FAILED: /home/pdb/pdb/yp/pdb2ypt.ent.gz mismatched tag: line 22, column 2
5IZQ 3.6 13527 X-RAY DIFFRACTION
('A', '4KM6_A', 1.55, 100.0)
('B', '4KM6_A', 1.55, 100.0)
('C', '4KM6_A', 1.55, 100.0)
('D', '4KM6_A', 1.55, 99.51456310679612)
('E', '4KM6_A', 1.55, 99.51456310679612)
('F', '4KM6_A', 1.55, 100.0)
('G', '4KM6_A', 1.55, 100.0)
('H', '4KM6_A', 1.55, 100.0)
********************************************************************************
2NR0 3.9 8278 X-RAY DIFFRACTION
('A', '1DJ0_A', 1.5, 100.0)
('B', '1DJ0_A', 1.5, 100.0)
('C', '1DJ0_A', 1.5, 100.0)
('D', '1DJ0_A', 1.5, 100.0)
********************************************************************************
2NRE 4.0 1961 X-RAY DIFFRACTION
('A', '1DJ0_A', 1.5, 98.10606060606061)
********************************************************************************
5MLF 3.64 11270 X-RAY DIFFRACTION
('A', '5MJO_A', 1.55, 100.0)
('B', '5MJO_A', 1.55, 100.0)
('C', '5MJO_A', 1.55, 100.0)
('D', '5MJO_A', 1.55, 100.0)
('E', '5MJO_A', 1.55, 100.0)
('G', '5MJO_A', 1.55, 100.0)
('F', '5MJO_A', 1.55, 100.0)
********************************************************************************
FAILED: /home/pdb/pdb/ox/pdb3oxl.ent.gz list index out of range
FAILED: /home/pdb/pdb/tl/pdb4tll.ent.gz list index out of range
FAILED: /home/pdb/pdb/tl/pdb4tlm.ent.gz list index out of range
4B3Q 5.0 7535 X-RAY DIFFRACTION
('A', '2ZD1_A', 1.8, 95.67567567567568)
('B', '4ICL_B', 1.8, 95.260663507109)
********************************************************************************
FAILED: /home/pdb/pdb/lo/pdb3lob.ent.gz mismatched tag: line 22, column 2
4YEI 3.55 4770 X-RAY DIFFRACTION
('A', '4YC5_A', 1.76, 99.06976744186046)
('B', '4YC5_A', 1.76, 99.06976744186046)
('C', '4YC5_A', 1.76, 99.06976744186046)
********************************************************************************
3EOB 3.6 9452 X-RAY DIFFRACTION
('L', '3EO9_L', 1.8, 100.0)
('H', '3EO9_H', 1.8, 97.71689497716895)
('I', '1MJN_A', 1.3, 98.88268156424581)
('A', '3EO9_L', 1.8, 100.0)
('B', '3EO9_H', 1.8, 97.71689497716895)
('J', '1MJN_A', 1.3, 98.88268156424581)
********************************************************************************
FAILED: /home/pdb/pdb/lu/pdb5luq.ent.gz mismatched tag: line 22, column 2
5OMA 3.9 7246 X-RAY DIFFRACTION
('A', '3IQJ_A', 1.15, 98.26839826839827)
('B', '3IQJ_A', 1.15, 98.26839826839827)
('C', '3IQJ_A', 1.15, 97.3913043478261)
('D', '3IQJ_A', 1.15, 97.3913043478261)
********************************************************************************
FAILED: /home/pdb/pdb/rq/pdb4rqe.ent.gz mismatched tag: line 22, column 2
6NEO 5.94 1473 X-RAY DIFFRACTION
('B', '6A27_A', 1.35, 95.86466165413533)
********************************************************************************
FAILED: /home/pdb/pdb/e6/pdb5e6i.ent.gz mismatched tag: line 22, column 2
FAILED: /home/pdb/pdb/nx/pdb5nx2.ent.gz mismatched tag: line 22, column 2
2BBZ 3.8 5964 X-RAY DIFFRACTION
('A', '2BBR_A', 1.2, 100.0)
('B', '2BBR_A', 1.2, 100.0)
('C', '2BBR_A', 1.2, 100.0)
('D', '2BBR_A', 1.2, 100.0)
********************************************************************************
FAILED: /home/pdb/pdb/gg/pdb3ggz.ent.gz mismatched tag: line 22, column 2
FAILED: /home/pdb/pdb/nl/pdb4nl8.ent.gz mismatched tag: line 22, column 2
5CMR 3.79 1421 X-RAY DIFFRACTION
('A', '6B8F_A', 1.06, 98.84393063583815)
********************************************************************************
FAILED: /home/pdb/pdb/q5/pdb4q5z.ent.gz mismatched tag: line 22, column 2
3QMU 3.62 46560 X-RAY DIFFRACTION
('A', '5K12_A', 1.8, 99.79838709677419)
('B', '5K12_A', 1.8, 99.79838709677419)
('C', '5K12_A', 1.8, 99.79838709677419)
('D', '5K12_A', 1.8, 99.79838709677419)
('E', '5K12_A', 1.8, 99.79838709677419)
('F', '5K12_A', 1.8, 99.79838709677419)
('G', '5K12_A', 1.8, 99.79838709677419)
('H', '5K12_A', 1.8, 99.79838709677419)
('I', '5K12_A', 1.8, 99.79838709677419)
('J', '5K12_A', 1.8, 99.79838709677419)
('K', '5K12_A', 1.8, 99.79838709677419)
('L', '5K12_A', 1.8, 99.79838709677419)
********************************************************************************
3DTJ 4.0 2288 X-RAY DIFFRACTION
('A', '3DS2_A', 1.2, 97.26027397260275)
('B', '3DS2_A', 1.2, 97.26027397260275)
('C', '3DS2_A', 1.2, 97.26027397260275)
('D', '3DS2_A', 1.2, 97.26027397260275)
********************************************************************************
3IIN 4.18 775 X-RAY DIFFRACTION
('A', '1URN_A', 1.92, 100.0)
********************************************************************************
4LRM 3.53 11565 X-RAY DIFFRACTION
('A', '4I24_A', 1.8, 98.6970684039088)
('B', '4I24_A', 1.8, 98.63481228668942)
('C', '4I24_A', 1.8, 98.63013698630137)
('D', '4I24_A', 1.8, 98.6159169550173)
('E', '4I24_A', 1.8, 98.62068965517241)
********************************************************************************
FAILED: /home/pdb/pdb/un/pdb5un1.ent.gz mismatched tag: line 22, column 2
4NYM 3.55 6551 X-RAY DIFFRACTION
('Q', '2CLD_X', 1.22, 98.79518072289157)
('R', '2CLD_X', 1.22, 99.39759036144578)
('S', '5WFO_N', 1.99, 97.5051975051975)
********************************************************************************
FAILED: /home/pdb/pdb/ip/pdb5ip7.ent.gz mismatched tag: line 22, column 2
FAILED: /home/pdb/pdb/ip/pdb5ip9.ent.gz mismatched tag: line 22, column 2
FAILED: /home/pdb/pdb/e2/pdb3e2h.ent.gz mismatched tag: line 22, column 2
5WKY 4.0 9267 X-RAY DIFFRACTION
('A', '2QTS_A', 1.9, 100.0)
('C', '2QTS_A', 1.9, 99.04306220095694)
('B', '2QTS_A', 1.9, 100.0)
********************************************************************************
5WKX 4.03 9267 X-RAY DIFFRACTION
('A', '2QTS_A', 1.9, 100.0)
('C', '2QTS_A', 1.9, 99.04306220095694)
('B', '2QTS_A', 1.9, 100.0)
********************************************************************************
3FZJ 7.1 22575 X-RAY DIFFRACTION
('A', '3FXQ_A', 1.85, 100.0)
('B', '3FXQ_A', 1.85, 100.0)
('C', '3FXQ_A', 1.85, 100.0)
('D', '3FXQ_A', 1.85, 100.0)
('E', '3FXQ_A', 1.85, 100.0)
('F', '3FXQ_A', 1.85, 100.0)
('G', '3FXQ_A', 1.85, 100.0)
('H', '3FXQ_A', 1.85, 100.0)
('I', '3FXQ_A', 1.85, 100.0)
('J', '3FXQ_A', 1.85, 100.0)
********************************************************************************
4XH8 3.56 3477 X-RAY DIFFRACTION
('A', '4XEP_A', 1.5, 98.08429118773947)
('B', '4XEP_A', 1.5, 97.24409448818898)
********************************************************************************
2GJ7 5.0 5956 X-RAY DIFFRACTION
('A', '4LLY_A', 1.6, 99.03381642512078)
('F', '2GIY_A', 1.78, 100.0)
('B', '4LLY_A', 1.6, 99.03381642512078)
('E', '2GIY_A', 1.78, 100.0)
********************************************************************************
5CW0 4.6 1061 X-RAY DIFFRACTION
('A', '1STM_A', 1.9, 100.0)
********************************************************************************
FAILED: /home/pdb/pdb/oi/pdb4oiq.ent.gz list index out of range
FAILED: /home/pdb/pdb/y2/pdb5y2d.ent.gz mismatched tag: line 22, column 2
5KJ8 4.1 10501 X-RAY DIFFRACTION
('A', '1N7S_A', 1.45, 100.0)
('B', '1N7S_B', 1.45, 100.0)
('C', '1N7S_C', 1.45, 100.0)
('D', '1N7S_D', 1.45, 100.0)
('E', '5W5C_F', 1.85, 100.0)
('F', '5W5C_F', 1.85, 98.5663082437276)
('G', '1N7S_A', 1.45, 100.0)
('H', '1N7S_B', 1.45, 100.0)
('I', '1N7S_C', 1.45, 100.0)
('J', '1N7S_D', 1.45, 100.0)
('K', '5W5C_F', 1.85, 100.0)
********************************************************************************
FAILED: /home/pdb/pdb/bw/pdb4bwb.ent.gz mismatched tag: line 22, column 2
3IOV 3.7 9198 X-RAY DIFFRACTION
('A', '3Q26_A', 1.54, 95.84415584415585)
('B', '4IRL_A', 1.47, 96.3157894736842)
('C', '3Q26_A', 1.54, 95.84415584415585)
********************************************************************************
4LKV 3.51 10257 X-RAY DIFFRACTION
('A', '4EHX_A', 1.9, 100.0)
('B', '4EHX_A', 1.9, 100.0)
('C', '4EHX_A', 1.9, 100.0)
('D', '4EHX_A', 1.9, 100.0)
********************************************************************************
6HPU 3.96 6429 X-RAY DIFFRACTION
('A', '6HPH_A', 1.13, 100.0)
('B', '6HPH_A', 1.13, 100.0)
********************************************************************************
FAILED: /home/pdb/pdb/f1/pdb6f1h.ent.gz mismatched tag: line 22, column 2
2C32 7.01 1761 X-RAY DIFFRACTION
('A', '2B6O_A', 1.9, 98.2905982905983)
********************************************************************************
FAILED: /home/pdb/pdb/v8/pdb3v8g.ent.gz mismatched tag: line 22, column 2
FAILED: /home/pdb/pdb/v8/pdb3v8f.ent.gz mismatched tag: line 22, column 2
FAILED: /home/pdb/pdb/tk/pdb4tk4.ent.gz mismatched tag: line 22, column 2
FAILED: /home/pdb/pdb/tk/pdb4tk2.ent.gz mismatched tag: line 22, column 2
2VQK 4.2 531 X-RAY DIFFRACTION
('A', '2VQG_A', 1.82, 100.0)
********************************************************************************
5XMA 3.8 2824 X-RAY DIFFRACTION
('A', '5HRB_A', 1.7, 100.0)
('B', '5HRB_A', 1.7, 100.0)
********************************************************************************
3UM3 3.8 3154 X-RAY DIFFRACTION
('A', '3R9M_A', 1.95, 100.0)
('B', '5MK2_C', 1.7, 100.0)
********************************************************************************
FAILED: /home/pdb/pdb/h3/pdb3h32.ent.gz mismatched tag: line 22, column 2
3GV2 7.0 5256 X-RAY DIFFRACTION
('A', '5JPA_A', 1.7, 98.63013698630137)
('B', '5JPA_A', 1.7, 98.63013698630137)
('C', '5JPA_A', 1.7, 98.63013698630137)
('D', '5JPA_A', 1.7, 98.63013698630137)
('E', '5JPA_A', 1.7, 98.63013698630137)
('F', '5JPA_A', 1.7, 98.63013698630137)
********************************************************************************
FAILED: /home/pdb/pdb/fr/pdb5frs.ent.gz mismatched tag: line 22, column 2
FAILED: /home/pdb/pdb/q8/pdb6q83.ent.gz mismatched tag: line 22, column 2
4HJC 4.15 3252 X-RAY DIFFRACTION
('A', '4HJ1_A', 1.9, 100.0)
********************************************************************************
3Q1Q 3.8 973 X-RAY DIFFRACTION
('A', '1NZ0_A', 1.2, 99.10714285714286)
********************************************************************************
FAILED: /home/pdb/pdb/u6/pdb4u6g.ent.gz mismatched tag: line 22, column 2
FAILED: /home/pdb/pdb/tp/pdb4tpg.ent.gz mismatched tag: line 22, column 2
FAILED: /home/pdb/pdb/y1/pdb4y1a.ent.gz mismatched tag: line 22, column 2
5D7Y 3.89 4536 X-RAY DIFFRACTION
('A', '5GMZ_A', 1.7, 96.47887323943662)
('B', '5GMZ_A', 1.7, 96.5034965034965)
('C', '5GMZ_A', 1.7, 96.47887323943662)
('D', '5GMZ_A', 1.7, 96.5034965034965)
********************************************************************************
6FY9 3.65 3457 X-RAY DIFFRACTION
('A', '4XLO_A', 1.67, 100.0)
********************************************************************************
6AZR 3.63 5398 X-RAY DIFFRACTION
('A', '2C2A_A', 1.9, 98.31223628691983)
('B', '4JA2_A', 1.79, 96.69421487603306)
('C', '2C2A_A', 1.9, 98.31223628691983)
('D', '4JA2_A', 1.79, 96.69421487603306)
********************************************************************************
FAILED: /home/pdb/pdb/n8/pdb6n8s.ent.gz mismatched tag: line 22, column 2
FAILED: /home/pdb/pdb/yv/pdb5yvg.ent.gz mismatched tag: line 22, column 2
1WMK 3.6 19951 X-RAY DIFFRACTION
('A', '2A2A_A', 1.47, 99.33993399339934)
('E', '2A2A_A', 1.47, 99.04153354632588)
('C', '2A2A_A', 1.47, 99.33993399339934)
('B', '2A2A_A', 1.47, 99.04458598726114)
('F', '2A2A_A', 1.47, 99.33993399339934)
('D', '2A2A_A', 1.47, 99.04458598726114)
('H', '2A2A_A', 1.47, 99.34210526315789)
('G', '2A2A_A', 1.47, 99.04153354632588)
********************************************************************************
5DQU 4.5 9578 X-RAY DIFFRACTION
('A', '3NKD_A', 1.95, 97.74436090225564)
('E', '4MAK_A', 1.1, 100.0)
('D', '3NKD_A', 1.95, 96.26865671641791)
('C', '3NKD_A', 1.95, 97.85714285714286)
('F', '4MAK_A', 1.1, 100.0)
('B', '3NKD_A', 1.95, 97.82608695652173)
********************************************************************************
FAILED: /home/pdb/pdb/i7/pdb6i7p.ent.gz list index out of range
FAILED: /home/pdb/pdb/ep/pdb3epd.ent.gz mismatched tag: line 22, column 2
6HAK 3.95 15644 X-RAY DIFFRACTION
('A', '2ZD1_A', 1.8, 99.27667269439421)
('B', '2ZD1_A', 1.8, 96.47058823529412)
('C', '2ZD1_A', 1.8, 99.27667269439421)
('D', '2ZD1_A', 1.8, 97.17647058823529)
********************************************************************************
3T1P 3.9 2741 X-RAY DIFFRACTION
('A', '5NBU_A', 1.67, 97.30458221024259)
********************************************************************************
4R0O 4.2 3244 X-RAY DIFFRACTION
('A', '3CVB_A', 1.4, 98.0952380952381)
('B', '3CVB_A', 1.4, 98.0952380952381)
('C', '3CVB_A', 1.4, 98.0952380952381)
('D', '3CVB_A', 1.4, 98.0952380952381)
********************************************************************************
FAILED: /home/pdb/pdb/ci/pdb3cii.ent.gz mismatched tag: line 22, column 2
4DT0 3.65 898 X-RAY DIFFRACTION
('A', '2DM9_A', 1.85, 100.0)
********************************************************************************
FAILED: /home/pdb/pdb/ky/pdb5kyu.ent.gz mismatched tag: line 22, column 2
FAILED: /home/pdb/pdb/a3/pdb1a37.ent.gz mismatched tag: line 22, column 2
3KLG 3.65 15836 X-RAY DIFFRACTION
('A', '2ZD1_A', 1.8, 98.55595667870035)
('B', '2ZD1_A', 1.8, 96.47887323943662)
('E', '2ZD1_A', 1.8, 98.55595667870035)
('F', '2ZD1_A', 1.8, 96.47887323943662)
********************************************************************************
FAILED: /home/pdb/pdb/ua/pdb5uan.ent.gz mismatched tag: line 22, column 2
3HIF 3.59 9456 X-RAY DIFFRACTION
('A', '4HZF_A', 1.48, 99.0049751243781)
('B', '4HZF_A', 1.48, 99.0049751243781)
('C', '4HZF_A', 1.48, 99.0049751243781)
('D', '4HZF_A', 1.48, 99.0049751243781)
('E', '4HZF_A', 1.48, 99.0049751243781)
('F', '4HZF_A', 1.48, 99.0049751243781)
********************************************************************************
FAILED: /home/pdb/pdb/cw/pdb4cwu.ent.gz mismatched tag: line 22, column 2
5VVJ 3.89 9534 X-RAY DIFFRACTION
('A', '3NKD_A', 1.95, 98.86792452830188)
('B', '3NKD_A', 1.95, 98.17518248175182)
('C', '3NKD_A', 1.95, 96.56488549618321)
('D', '3NKD_A', 1.95, 97.42647058823529)
('E', '4MAK_A', 1.1, 100.0)
('F', '4MAK_A', 1.1, 100.0)
********************************************************************************
3B0V 3.51 5020 X-RAY DIFFRACTION
('C', '3B0P_A', 1.7, 100.0)
('D', '3B0P_A', 1.7, 100.0)
********************************************************************************
FAILED: /home/pdb/pdb/rf/pdb2rfd.ent.gz mismatched tag: line 22, column 2
FAILED: /home/pdb/pdb/xk/pdb1xkh.ent.gz mismatched tag: line 22, column 2
FAILED: /home/pdb/pdb/zj/pdb2zjp.ent.gz mismatched tag: line 22, column 2
FAILED: /home/pdb/pdb/ek/pdb5ekv.ent.gz mismatched tag: line 22, column 2
3RRN 4.0 5442 X-RAY DIFFRACTION
('A', '3PEY_A', 1.4, 98.22784810126582)
('B', '6B4E_B', 1.75, 99.65870307167235)
********************************************************************************
6DHL 3.62 46488 X-RAY DIFFRACTION
('A', '5K12_A', 1.8, 99.19354838709677)
('B', '5K12_A', 1.8, 99.19354838709677)
('C', '5K12_A', 1.8, 99.19354838709677)
('D', '5K12_A', 1.8, 99.19354838709677)
('E', '5K12_A', 1.8, 99.19354838709677)
('F', '5K12_A', 1.8, 99.19354838709677)
('G', '5K12_A', 1.8, 99.19354838709677)
('H', '5K12_A', 1.8, 99.19354838709677)
('I', '5K12_A', 1.8, 99.19354838709677)
('J', '5K12_A', 1.8, 99.19354838709677)
('K', '5K12_A', 1.8, 99.19354838709677)
('L', '5K12_A', 1.8, 99.19354838709677)
********************************************************************************
FAILED: /home/pdb/pdb/me/pdb4mex.ent.gz mismatched tag: line 22, column 2
FAILED: /home/pdb/pdb/wo/pdb5wob.ent.gz mismatched tag: line 22, column 2
3EMP 4.0 6379 X-RAY DIFFRACTION
('A', '4XRA_A', 1.75, 99.37888198757764)
('B', '4XRA_A', 1.75, 99.38271604938272)
('C', '4XRA_A', 1.75, 99.38271604938272)
('D', '4XRA_A', 1.75, 99.38271604938272)
('E', '4XRA_A', 1.75, 99.38271604938272)
********************************************************************************
FAILED: /home/pdb/pdb/w6/pdb2w6i.ent.gz mismatched tag: line 22, column 2
FAILED: /home/pdb/pdb/at/pdb6atk.ent.gz mismatched tag: line 22, column 2
FAILED: /home/pdb/pdb/h3/pdb6h3a.ent.gz mismatched tag: line 22, column 2
FAILED: /home/pdb/pdb/u7/pdb4u7p.ent.gz list index out of range
1TZO 3.6 61110 X-RAY DIFFRACTION
('A', '3MHZ_A', 1.7, 96.79715302491103)
('B', '3MHZ_A', 1.7, 96.79715302491103)
('C', '3MHZ_A', 1.7, 96.79715302491103)
('D', '3MHZ_A', 1.7, 96.79715302491103)
('E', '3MHZ_A', 1.7, 96.79715302491103)
('F', '3MHZ_A', 1.7, 96.79715302491103)
('G', '3MHZ_A', 1.7, 96.79715302491103)
('H', '3MHZ_A', 1.7, 96.79715302491103)
('I', '3MHZ_A', 1.7, 96.79715302491103)
('J', '3MHZ_A', 1.7, 96.79715302491103)
('K', '3MHZ_A', 1.7, 96.79715302491103)
('L', '3MHZ_A', 1.7, 96.79715302491103)
('M', '3MHZ_A', 1.7, 96.79715302491103)
('O', '3MHZ_A', 1.7, 96.79715302491103)
********************************************************************************
1TZN 4.3 80528 X-RAY DIFFRACTION
('A', '3MHZ_A', 1.7, 96.61921708185054)
('a', '1SHU_X', 1.5, 100.0)
('B', '3MHZ_A', 1.7, 96.61921708185054)
('b', '1SHU_X', 1.5, 100.0)
('C', '3MHZ_A', 1.7, 96.61921708185054)
('c', '1SHU_X', 1.5, 100.0)
('D', '3MHZ_A', 1.7, 96.61921708185054)
('d', '1SHU_X', 1.5, 100.0)
('E', '3MHZ_A', 1.7, 96.61921708185054)
('e', '1SHU_X', 1.5, 100.0)
('F', '3MHZ_A', 1.7, 96.61921708185054)
('f', '1SHU_X', 1.5, 100.0)
('G', '3MHZ_A', 1.7, 96.61921708185054)
('g', '1SHU_X', 1.5, 100.0)
('H', '3MHZ_A', 1.7, 96.61921708185054)
('h', '1SHU_X', 1.5, 100.0)
('I', '3MHZ_A', 1.7, 96.61921708185054)
('i', '1SHU_X', 1.5, 100.0)
('J', '3MHZ_A', 1.7, 96.61921708185054)
('j', '1SHU_X', 1.5, 100.0)
('K', '3MHZ_A', 1.7, 96.61921708185054)
('k', '1SHU_X', 1.5, 100.0)
('L', '3MHZ_A', 1.7, 96.61921708185054)
('l', '1SHU_X', 1.5, 100.0)
('M', '3MHZ_A', 1.7, 96.61921708185054)
('m', '1SHU_X', 1.5, 100.0)
('O', '3MHZ_A', 1.7, 96.61921708185054)
('o', '1SHU_X', 1.5, 100.0)
********************************************************************************
2YHJ 4.0 4416 X-RAY DIFFRACTION
('A', '3ZIX_A', 1.9, 99.64539007092199)
('B', '3ZIX_A', 1.9, 99.64539007092199)
********************************************************************************
6ICF 4.0 4724 X-RAY DIFFRACTION
('A', '6AKQ_A', 1.9, 98.39572192513369)
('H', '4YNY_A', 1.58, 100.0)
('L', '4YNY_B', 1.58, 100.0)
********************************************************************************
3RY6 3.8 4745 X-RAY DIFFRACTION
('A', '4LLY_A', 1.6, 96.72897196261682)
('B', '4LLY_A', 1.6, 96.72897196261682)
('C', '3RY4_A', 1.5, 98.80239520958084)
********************************************************************************
FAILED: /home/pdb/pdb/cc/pdb5ccv.ent.gz list index out of range
FAILED: /home/pdb/pdb/pe/pdb4pe5.ent.gz mismatched tag: line 22, column 2
4O5I 6.5 42816 X-RAY DIFFRACTION
('A', '2YP7_A', 1.85, 96.19047619047619)
('B', '2YP7_A', 1.85, 98.26589595375722)
('C', '2YP7_A', 1.85, 96.19047619047619)
('D', '2YP7_A', 1.85, 98.26589595375722)
('E', '2YP7_A', 1.85, 96.19047619047619)
('F', '2YP7_A', 1.85, 98.26589595375722)
('G', '2YP7_A', 1.85, 96.19047619047619)
('H', '2YP7_A', 1.85, 98.26589595375722)
('I', '2YP7_A', 1.85, 96.19047619047619)
('J', '2YP7_A', 1.85, 98.26589595375722)
('K', '2YP7_A', 1.85, 96.19047619047619)
('L', '2YP7_A', 1.85, 98.26589595375722)
('M', '4O5L_H', 1.5, 96.56652360515021)
('N', '4O5L_L', 1.5, 99.06542056074767)
('O', '4O5L_H', 1.5, 96.56652360515021)
('P', '4O5L_L', 1.5, 99.06542056074767)
('Q', '4O5L_H', 1.5, 96.56652360515021)
('R', '4O5L_L', 1.5, 99.06542056074767)
('S', '4O5L_H', 1.5, 96.56652360515021)
('T', '4O5L_L', 1.5, 99.06542056074767)
('U', '4O5L_H', 1.5, 96.56652360515021)
('V', '4O5L_L', 1.5, 99.06542056074767)
('W', '4O5L_H', 1.5, 96.56652360515021)
('X', '4O5L_L', 1.5, 99.06542056074767)
********************************************************************************
FAILED: /home/pdb/pdb/yi/pdb1yia.ent.gz list index out of range
FAILED: /home/pdb/pdb/oh/pdb6ohu.ent.gz mismatched tag: line 22, column 2
4IY2 3.6 2426 X-RAY DIFFRACTION
('A', '4IYS_A', 1.8, 100.0)
('C', '4IYS_A', 1.8, 100.0)
********************************************************************************
6MQ3 3.57 15596 X-RAY DIFFRACTION
('A', '3CWW_A', 1.96, 97.7296181630547)
('B', '3CWW_A', 1.96, 97.7296181630547)
********************************************************************************
FAILED: /home/pdb/pdb/x2/pdb4x2s.ent.gz mismatched tag: line 22, column 2
FAILED: /home/pdb/pdb/xa/pdb4xaj.ent.gz mismatched tag: line 22, column 2
1H3Y 4.1 2795 X-RAY DIFFRACTION
('A', '4LLY_A', 1.6, 96.61835748792271)
('B', '4LLY_A', 1.6, 96.60194174757281)
********************************************************************************
FAILED: /home/pdb/pdb/fk/pdb3fks.ent.gz mismatched tag: line 22, column 2
1ZQR 3.7 2623 X-RAY DIFFRACTION
('A', '4F5N_A', 1.8, 99.69418960244649)
********************************************************************************
5FVC 4.17 27957 X-RAY DIFFRACTION
('A', '5FVD_A', 1.86, 96.11111111111111)
('B', '5FVD_A', 1.86, 96.3254593175853)
('C', '5FVD_A', 1.86, 96.37883008356546)
('D', '5FVD_A', 1.86, 96.59685863874346)
('E', '5FVD_A', 1.86, 95.78947368421052)
('F', '5FVD_A', 1.86, 96.3157894736842)
('G', '5FVD_A', 1.86, 96.84210526315789)
('H', '5FVD_A', 1.86, 96.69421487603306)
('I', '5FVD_A', 1.86, 96.82539682539682)
('J', '5FVD_A', 1.86, 95.53805774278216)
********************************************************************************
FAILED: /home/pdb/pdb/u4/pdb4u4a.ent.gz mismatched tag: line 22, column 2
5KC7 7.04 4276 X-RAY DIFFRACTION
('A', '5KWR_A', 1.8, 100.0)
('B', '5KWR_A', 1.8, 100.0)
('C', '5KWR_A', 1.8, 100.0)
('D', '5KWR_A', 1.8, 100.0)
********************************************************************************
1ZQE 3.7 2623 X-RAY DIFFRACTION
('A', '4F5N_A', 1.8, 99.69418960244649)
********************************************************************************
FAILED: /home/pdb/pdb/eg/pdb3egs.ent.gz mismatched tag: line 22, column 2
FAILED: /home/pdb/pdb/m2/pdb5m2x.ent.gz list index out of range
FAILED: /home/pdb/pdb/ig/pdb5igq.ent.gz mismatched tag: line 22, column 2
FAILED: /home/pdb/pdb/bm/pdb6bmi.ent.gz mismatched tag: line 22, column 2
4UHS 5.0 3000 X-RAY DIFFRACTION
('A', '4UHJ_A', 1.9, 100.0)
('B', '4UHJ_A', 1.9, 100.0)
('C', '4UHJ_A', 1.9, 100.0)
********************************************************************************
FAILED: /home/pdb/pdb/is/pdb1isr.ent.gz mismatched tag: line 22, column 2
3VQK 4.5 5124 X-RAY DIFFRACTION
('A', '3AAB_A', 1.85, 98.13084112149532)
('B', '3AAB_A', 1.85, 98.13084112149532)
('C', '3AAB_A', 1.85, 98.13084112149532)
('D', '3AAB_A', 1.85, 98.13084112149532)
('E', '3AAB_A', 1.85, 98.13084112149532)
('F', '3AAB_A', 1.85, 98.13084112149532)
********************************************************************************
4XCR 3.6 3085 X-RAY DIFFRACTION
('A', '4BCZ_A', 1.93, 99.0909090909091)
('B', '4BCZ_A', 1.93, 99.0909090909091)
********************************************************************************
FAILED: /home/pdb/pdb/d2/pdb5d2l.ent.gz mismatched tag: line 22, column 2
1Z9X 3.93 7407 X-RAY DIFFRACTION
('A', '2A2A_A', 1.47, 100.0)
('B', '2A2A_A', 1.47, 100.0)
('C', '2A2A_A', 1.47, 100.0)
********************************************************************************
FAILED: /home/pdb/pdb/iz/pdb4izm.ent.gz mismatched tag: line 22, column 2
FAILED: /home/pdb/pdb/w1/pdb3w11.ent.gz mismatched tag: line 22, column 2
4QL7 3.75 6563 X-RAY DIFFRACTION
('A', '4XRA_A', 1.75, 97.57575757575758)
('B', '4XRA_A', 1.75, 97.57575757575758)
('C', '4XRA_A', 1.75, 97.63313609467455)
('D', '4XRA_A', 1.75, 97.5609756097561)
('E', '4XRA_A', 1.75, 97.5609756097561)
********************************************************************************
3GPM 3.8 1990 X-RAY DIFFRACTION
('A', '5V7M_A', 1.93, 98.81889763779527)
********************************************************************************
FAILED: /home/pdb/pdb/pv/pdb2pvc.ent.gz mismatched tag: line 22, column 2
4G93 4.2 4482 X-RAY DIFFRACTION
('A', '5GMZ_A', 1.7, 97.1830985915493)
('B', '5GMZ_A', 1.7, 97.14285714285714)
('C', '5GMZ_A', 1.7, 97.12230215827338)
('D', '5GMZ_A', 1.7, 97.1830985915493)
********************************************************************************
2R82 3.6 6754 X-RAY DIFFRACTION
('A', '1KBL_A', 1.94, 99.6559633027523)
********************************************************************************
4GUQ 3.7 3121 X-RAY DIFFRACTION
('A', '2XWC_A', 1.82, 99.49238578680203)
('B', '2XWC_A', 1.82, 98.98477157360406)
********************************************************************************
FAILED: /home/pdb/pdb/v1/pdb3v11.ent.gz mismatched tag: line 22, column 2
FAILED: /home/pdb/pdb/us/pdb3usk.ent.gz mismatched tag: line 22, column 2
FAILED: /home/pdb/pdb/us/pdb3uso.ent.gz mismatched tag: line 22, column 2
3USV 3.8 3020 X-RAY DIFFRACTION
('A', '4QRV_A', 1.98, 99.67532467532467)
('C', '4QRV_A', 1.98, 99.67532467532467)
********************************************************************************
3K1B 4.39 10508 X-RAY DIFFRACTION
('A', '4GCP_A', 1.98, 100.0)
('B', '4GCP_A', 1.98, 100.0)
('C', '4GCP_A', 1.98, 100.0)
('D', '4GCP_A', 1.98, 100.0)
********************************************************************************
5FHH 3.6 5064 X-RAY DIFFRACTION
('A', '6HPH_A', 1.13, 96.09756097560975)
('B', '6HPH_A', 1.13, 95.60975609756098)
********************************************************************************
3K19 3.79 31524 X-RAY DIFFRACTION
('A', '4GCP_A', 1.98, 100.0)
('B', '4GCP_A', 1.98, 100.0)
('C', '4GCP_A', 1.98, 100.0)
('D', '4GCP_A', 1.98, 100.0)
('E', '4GCP_A', 1.98, 100.0)
('F', '4GCP_A', 1.98, 100.0)
('G', '4GCP_A', 1.98, 100.0)
('H', '4GCP_A', 1.98, 100.0)
('I', '4GCP_A', 1.98, 100.0)
('J', '4GCP_A', 1.98, 100.0)
('K', '4GCP_A', 1.98, 100.0)
('L', '4GCP_A', 1.98, 100.0)
********************************************************************************
FAILED: /home/pdb/pdb/s1/pdb4s14.ent.gz mismatched tag: line 22, column 2
FAILED: /home/pdb/pdb/u1/pdb5u1g.ent.gz mismatched tag: line 22, column 2
4DB4 3.6 6831 X-RAY DIFFRACTION
('A', '3I5X_A', 1.9, 100.0)
('B', '3I5X_A', 1.9, 100.0)
********************************************************************************
3VD2 4.0 9480 X-RAY DIFFRACTION
('A', '2XWC_A', 1.82, 100.0)
('B', '2XWC_A', 1.82, 100.0)
('C', '2XWC_A', 1.82, 100.0)
('D', '2XWC_A', 1.82, 100.0)
('I', '2XWC_A', 1.82, 100.0)
('J', '2XWC_A', 1.82, 100.0)
********************************************************************************
5EW2 3.59 2260 X-RAY DIFFRACTION
('L', '1H8D_L', 1.4, 100.0)
('H', '2BVR_H', 1.25, 98.4251968503937)
********************************************************************************
5PRM 3.58 2027 X-RAY DIFFRACTION
('A', '5PNX_A', 1.47, 100.0)
('B', '5PNX_A', 1.47, 100.0)
********************************************************************************
FAILED: /home/pdb/pdb/f9/pdb6f9i.ent.gz mismatched tag: line 22, column 2
2G33 3.96 4658 X-RAY DIFFRACTION
('C', '5GMZ_A', 1.7, 97.27891156462584)
('D', '5GMZ_A', 1.7, 97.26027397260275)
('B', '5GMZ_A', 1.7, 97.27891156462584)
('A', '5GMZ_A', 1.7, 97.29729729729729)
********************************************************************************
3IOU 3.7 9076 X-RAY DIFFRACTION
('A', '3Q26_A', 1.54, 95.84415584415585)
('B', '4EXK_A', 1.28, 98.64864864864865)
('C', '4IRL_A', 1.47, 96.05263157894737)
********************************************************************************
3V6K 3.6 5097 X-RAY DIFFRACTION
('A', '4TQR_A', 1.58, 100.0)
('J', '4TQR_A', 1.58, 97.6608187134503)
********************************************************************************
2G34 5.05 4622 X-RAY DIFFRACTION
('C', '5GMZ_A', 1.7, 97.27891156462584)
('D', '5GMZ_A', 1.7, 97.22222222222223)
('B', '5GMZ_A', 1.7, 97.27891156462584)
('A', '5GMZ_A', 1.7, 97.22222222222223)
********************************************************************************
FAILED: /home/pdb/pdb/i2/pdb4i2w.ent.gz mismatched tag: line 22, column 2
FAILED: /home/pdb/pdb/gi/pdb5gio.ent.gz list index out of range
FAILED: /home/pdb/pdb/d6/pdb4d6t.ent.gz mismatched tag: line 22, column 2
2WJX 4.1 8706 X-RAY DIFFRACTION
('A', '3HSY_A', 1.75, 96.524064171123)
('B', '3HSY_A', 1.75, 96.524064171123)
('C', '3HSY_A', 1.75, 96.524064171123)
********************************************************************************
FAILED: /home/pdb/pdb/ot/pdb3otp.ent.gz mismatched tag: line 22, column 2
FAILED: /home/pdb/pdb/q8/pdb6q84.ent.gz mismatched tag: line 22, column 2
FAILED: /home/pdb/pdb/m9/pdb4m9y.ent.gz mismatched tag: line 22, column 2
5HA9 4.01 5501 X-RAY DIFFRACTION
('A', '4ZZZ_A', 1.9, 100.0)
('B', '4ZZZ_A', 1.9, 100.0)
********************************************************************************
FAILED: /home/pdb/pdb/rm/pdb6rmm.ent.gz mismatched tag: line 22, column 2
2Y54 3.65 8180 X-RAY DIFFRACTION
('A', '2WN9_A', 1.75, 99.02439024390245)
('B', '2WN9_A', 1.75, 99.02439024390245)
('C', '2WN9_A', 1.75, 99.02439024390245)
('D', '2WN9_A', 1.75, 99.02439024390245)
('E', '2WN9_A', 1.75, 99.02439024390245)
********************************************************************************
2Y56 3.59 8180 X-RAY DIFFRACTION
('A', '2WN9_A', 1.75, 99.02439024390245)
('B', '2WN9_A', 1.75, 99.02439024390245)
('C', '2WN9_A', 1.75, 99.02439024390245)
('D', '2WN9_A', 1.75, 99.02439024390245)
('E', '2WN9_A', 1.75, 99.02439024390245)
********************************************************************************
1YE1 4.5 4372 X-RAY DIFFRACTION
('A', '2W72_A', 1.07, 98.58156028368795)
('B', '1DXV_B', 1.7, 99.3103448275862)
('C', '2W72_A', 1.07, 98.58156028368795)
('D', '1DXV_B', 1.7, 99.3103448275862)
********************************************************************************
FAILED: /home/pdb/pdb/q9/pdb4q9k.ent.gz mismatched tag: line 22, column 2
4H56 3.9 27963 X-RAY DIFFRACTION
('A', '4I0N_A', 1.8, 100.0)
('B', '4I0N_A', 1.8, 100.0)
('C', '4I0N_A', 1.8, 100.0)
('D', '4I0N_A', 1.8, 100.0)
('E', '4I0N_A', 1.8, 100.0)
('F', '4I0N_A', 1.8, 100.0)
('G', '4I0N_A', 1.8, 100.0)
('H', '4I0N_A', 1.8, 100.0)
('I', '4I0N_A', 1.8, 100.0)
('J', '4I0N_A', 1.8, 100.0)
('K', '4I0N_A', 1.8, 100.0)
('L', '4I0N_A', 1.8, 100.0)
('M', '4I0N_A', 1.8, 100.0)
('N', '4I0N_A', 1.8, 100.0)
********************************************************************************
4H5O 3.9 19084 X-RAY DIFFRACTION
('A', '3OV9_A', 1.6, 98.7603305785124)
('B', '3OV9_A', 1.6, 98.77049180327869)
('C', '3OV9_A', 1.6, 98.77049180327869)
('D', '3OV9_A', 1.6, 98.77049180327869)
('E', '3OV9_A', 1.6, 98.77049180327869)
('F', '3OV9_A', 1.6, 98.77049180327869)
('G', '3OV9_A', 1.6, 98.77049180327869)
('H', '3OV9_A', 1.6, 98.77049180327869)
('I', '3OV9_A', 1.6, 98.77049180327869)
('J', '3OV9_A', 1.6, 98.77049180327869)
********************************************************************************
3Q1R 4.21 973 X-RAY DIFFRACTION
('A', '1NZ0_A', 1.2, 99.10714285714286)
********************************************************************************
FAILED: /home/pdb/pdb/bq/pdb4bq7.ent.gz mismatched tag: line 22, column 2
FAILED: /home/pdb/pdb/e3/pdb6e3l.ent.gz mismatched tag: line 22, column 2
5W2M 3.7 12520 X-RAY DIFFRACTION
('A', '5HX4_A', 1.92, 95.1086956521739)
('B', '5HX4_A', 1.92, 95.1086956521739)
('C', '5HX4_A', 1.92, 95.1086956521739)
('D', '5HX4_A', 1.92, 95.1086956521739)
('J', '5HX4_A', 1.92, 95.1086956521739)
('K', '5HX4_A', 1.92, 95.1086956521739)
('L', '5HX4_A', 1.92, 95.1086956521739)
('M', '5HX4_A', 1.92, 95.1086956521739)
********************************************************************************
FAILED: /home/pdb/pdb/w6/pdb4w69.ent.gz need more than 1 value to unpack
FAILED: /home/pdb/pdb/oh/pdb4oh6.ent.gz mismatched tag: line 22, column 2
2RKJ 4.5 23608 X-RAY DIFFRACTION
('A', '1Y42_X', 1.95, 97.08994708994709)
('B', '1Y42_X', 1.95, 97.08994708994709)
('E', '1Y42_X', 1.95, 97.08994708994709)
('F', '1Y42_X', 1.95, 97.08994708994709)
('I', '1Y42_X', 1.95, 97.08994708994709)
('J', '1Y42_X', 1.95, 97.08994708994709)
('M', '1Y42_X', 1.95, 97.08994708994709)
('N', '1Y42_X', 1.95, 97.08994708994709)
********************************************************************************
FAILED: /home/pdb/pdb/cd/pdb5cd1.ent.gz list index out of range
FAILED: /home/pdb/pdb/w1/pdb3w12.ent.gz mismatched tag: line 22, column 2
FAILED: /home/pdb/pdb/ba/pdb6bav.ent.gz list index out of range
2Y22 3.7 3342 X-RAY DIFFRACTION
('A', '4M5S_A', 1.37, 98.80952380952381)
('B', '4M5S_A', 1.37, 98.6842105263158)
('C', '4M5S_A', 1.37, 98.64864864864865)
('D', '4M5S_A', 1.37, 98.75)
('E', '4M5S_A', 1.37, 98.7012987012987)
('F', '4M5S_A', 1.37, 98.64864864864865)
********************************************************************************
5AGC 4.0 7250 X-RAY DIFFRACTION
('A', '2ZD7_A', 1.85, 100.0)
('B', '2ZD7_A', 1.85, 100.0)
('C', '2ZD7_A', 1.85, 100.0)
('D', '2ZD7_A', 1.85, 100.0)
********************************************************************************
4NHG 8.0 29250 X-RAY DIFFRACTION
('A', '3OAZ_H', 1.75, 95.96412556053812)
('B', '3OAY_K', 1.95, 100.0)
('C', '3OAY_K', 1.95, 100.0)
('D', '3OAZ_H', 1.75, 95.96412556053812)
('E', '3OAZ_H', 1.75, 95.96412556053812)
('F', '3OAY_K', 1.95, 100.0)
('G', '3OAY_K', 1.95, 100.0)
('I', '3OAZ_H', 1.75, 95.96412556053812)
('J', '4LLY_A', 1.6, 96.61835748792271)
('N', '4LLY_A', 1.6, 96.60194174757281)
('X', '4LLY_A', 1.6, 96.61835748792271)
('Y', '4LLY_A', 1.6, 96.60194174757281)
('H', '3OAZ_H', 1.75, 95.96412556053812)
('K', '3OAY_K', 1.95, 100.0)
('L', '3OAY_K', 1.95, 100.0)
('M', '3OAZ_H', 1.75, 95.96412556053812)
('O', '4LLY_A', 1.6, 96.61835748792271)
('P', '4LLY_A', 1.6, 96.60194174757281)
********************************************************************************
4V0U 7.88 26765 X-RAY DIFFRACTION
('A', '1QZ5_A', 1.45, 96.8)
('B', '1QZ5_A', 1.45, 96.8)
('C', '1QZ5_A', 1.45, 96.8)
('D', '5INB_A', 1.3, 100.0)
('E', '4V0W_B', 1.55, 100.0)
('F', '5INB_A', 1.3, 100.0)
('G', '4V0W_B', 1.55, 100.0)
('H', '5INB_A', 1.3, 100.0)
('I', '4V0W_B', 1.55, 100.0)
('J', '5INB_A', 1.3, 100.0)
('K', '4V0W_B', 1.55, 100.0)
('L', '1QZ5_A', 1.45, 96.8)
('M', '1QZ5_A', 1.45, 96.8)
('N', '5INB_A', 1.3, 100.0)
('O', '4V0W_B', 1.55, 100.0)
********************************************************************************
6CMC 3.67 3225 X-RAY DIFFRACTION
('A', '2QTS_A', 1.9, 100.0)
********************************************************************************
4PGW 3.6 1527 X-RAY DIFFRACTION
('A', '4PGR_A', 1.95, 97.5)
********************************************************************************
3KTV 3.8 1725 X-RAY DIFFRACTION
('B', '1JID_A', 1.8, 100.0)
('D', '1JID_A', 1.8, 100.0)
********************************************************************************
FAILED: /home/pdb/pdb/h6/pdb1h6e.ent.gz mismatched tag: line 22, column 2
FAILED: /home/pdb/pdb/ba/pdb6bau.ent.gz mismatched tag: line 22, column 2
4A2X 4.0 3964 X-RAY DIFFRACTION
('A', '4A2V_A', 1.44, 96.0)
('B', '4A2V_A', 1.44, 96.0)
('C', '4A2V_A', 1.44, 96.0)
('D', '4A2V_A', 1.44, 96.0)
********************************************************************************
1SZ1 6.21 7260 X-RAY DIFFRACTION
('A', '3OVB_A', 1.95, 100.0)
('B', '3OVB_A', 1.95, 100.0)
********************************************************************************
FAILED: /home/pdb/pdb/pt/pdb3pta.ent.gz list index out of range
FAILED: /home/pdb/pdb/y4/pdb4y49.ent.gz mismatched tag: line 22, column 2
4FME 4.1 10774 X-RAY DIFFRACTION
('A', '3Q1C_A', 1.6, 99.14529914529915)
('B', '2WWX_A', 1.5, 99.41520467836257)
('C', '2A5D_A', 1.8, 100.0)
('D', '3Q1C_A', 1.6, 99.14529914529915)
('E', '2WWX_A', 1.5, 99.41520467836257)
('F', '2A5D_A', 1.8, 100.0)
********************************************************************************
3OSL 6.0 5978 X-RAY DIFFRACTION
('A', '3D4U_A', 1.7, 96.73202614379085)
('B', '3D4U_B', 1.7, 100.0)
('C', '3D4U_A', 1.7, 96.73202614379085)
('D', '3D4U_B', 1.7, 100.0)
********************************************************************************
5O20 3.53 1303 X-RAY DIFFRACTION
('A', '5O1X_A', 1.6, 100.0)
********************************************************************************
FAILED: /home/pdb/pdb/w1/pdb3w13.ent.gz mismatched tag: line 22, column 2
FAILED: /home/pdb/pdb/p4/pdb3p49.ent.gz mismatched tag: line 22, column 2
FAILED: /home/pdb/pdb/ar/pdb4ar2.ent.gz mismatched tag: line 22, column 2
5I8Q 4.2 12098 X-RAY DIFFRACTION
('A', '2XAU_A', 1.9, 100.0)
('B', '2XAU_A', 1.9, 100.0)
********************************************************************************
FAILED: /home/pdb/pdb/q9/pdb4q9l.ent.gz mismatched tag: line 22, column 2
FAILED: /home/pdb/pdb/q9/pdb4q9j.ent.gz mismatched tag: line 22, column 2
FAILED: /home/pdb/pdb/q9/pdb4q9i.ent.gz mismatched tag: line 22, column 2
FAILED: /home/pdb/pdb/dr/pdb3dro.ent.gz mismatched tag: line 22, column 2
FAILED: /home/pdb/pdb/yp/pdb5ypz.ent.gz mismatched tag: line 22, column 2
FAILED: /home/pdb/pdb/u4/pdb4u4f.ent.gz list index out of range
FAILED: /home/pdb/pdb/f5/pdb6f5p.ent.gz mismatched tag: line 22, column 2
FAILED: /home/pdb/pdb/m2/pdb5m2z.ent.gz list index out of range
FAILED: /home/pdb/pdb/d6/pdb4d6u.ent.gz mismatched tag: line 22, column 2
4JFB 3.8 15765 X-RAY DIFFRACTION
('A', '4GCP_A', 1.98, 100.0)
('B', '4GCP_A', 1.98, 100.0)
('C', '4GCP_A', 1.98, 100.0)
('D', '4GCP_A', 1.98, 100.0)
('E', '4GCP_A', 1.98, 100.0)
('F', '4GCP_A', 1.98, 100.0)
********************************************************************************
FAILED: /home/pdb/pdb/ct/pdb6ctf.ent.gz mismatched tag: line 22, column 2
4G83 4.0 3094 X-RAY DIFFRACTION
('A', '2XWC_A', 1.82, 100.0)
('B', '2XWC_A', 1.82, 100.0)
********************************************************************************
FAILED: /home/pdb/pdb/vg/pdb5vg9.ent.gz list index out of range
3Q8W 3.64 11896 X-RAY DIFFRACTION
('A', '4A5S_A', 1.62, 99.86225895316804)
('B', '4A5S_A', 1.62, 99.86225895316804)
********************************************************************************
4X0A 3.51 3046 X-RAY DIFFRACTION
('A', '4WBY_A', 1.5, 96.3157894736842)
********************************************************************************
4DFS 3.75 4082 X-RAY DIFFRACTION
('A', '3AZX_A', 1.8, 99.2063492063492)
('B', '3AZX_A', 1.8, 99.2063492063492)
********************************************************************************
FAILED: /home/pdb/pdb/kb/pdb3kbc.ent.gz mismatched tag: line 22, column 2
FAILED: /home/pdb/pdb/w7/pdb4w7a.ent.gz need more than 1 value to unpack
5CCI 4.1 6402 X-RAY DIFFRACTION
('A', '1N7S_A', 1.45, 100.0)
('B', '1N7S_B', 1.45, 100.0)
('C', '1N7S_C', 1.45, 100.0)
('D', '1N7S_D', 1.45, 100.0)
('E', '5W5C_F', 1.85, 100.0)
('F', '5W5C_F', 1.85, 95.71428571428571)
********************************************************************************
6C6D 5.5 10284 X-RAY DIFFRACTION
('A', '1B3A_A', 1.6, 100.0)
('B', '1B3A_A', 1.6, 100.0)
('C', '1B3A_A', 1.6, 100.0)
('D', '1B3A_A', 1.6, 100.0)
('E', '1B3A_A', 1.6, 100.0)
('F', '1B3A_A', 1.6, 100.0)
('G', '1B3A_A', 1.6, 100.0)
('H', '1B3A_A', 1.6, 100.0)
('I', '1B3A_A', 1.6, 100.0)
('J', '1B3A_A', 1.6, 100.0)
('K', '1B3A_A', 1.6, 100.0)
('L', '1B3A_A', 1.6, 100.0)
('S', '1B3A_A', 1.6, 100.0)
('T', '1B3A_A', 1.6, 100.0)
('M', '1B3A_A', 1.6, 100.0)
('N', '1B3A_A', 1.6, 100.0)
('O', '1B3A_A', 1.6, 100.0)
('P', '1B3A_A', 1.6, 100.0)
('Q', '1B3A_A', 1.6, 100.0)
('R', '1B3A_A', 1.6, 100.0)
********************************************************************************
4FNU 3.6 23152 X-RAY DIFFRACTION
('A', '4FNQ_A', 1.8, 97.21448467966574)
('B', '4FNQ_A', 1.8, 97.21448467966574)
('C', '4FNQ_A', 1.8, 97.21448467966574)
('D', '4FNQ_A', 1.8, 97.21448467966574)
********************************************************************************
FAILED: /home/pdb/pdb/n7/pdb6n7j.ent.gz mismatched tag: line 22, column 2
Processed: 1876 out of total: 152840
