('2V9Z', '3.0', 'X-RAY DIFFRACTION')
set(['3SK0'])
CHAIN   A  
3SK0  A   1.78 100.000 
********************************************************************************
('1LLT', '3.1', 'X-RAY DIFFRACTION')
set(['1BV1'])
CHAIN   A  
1BV1  A   2.00  99.371 
********************************************************************************
('3HON', '3.0', 'X-RAY DIFFRACTION')
set(['3HSH'])
CHAIN   A  
3HSH  A   1.80 100.000 
********************************************************************************
('6QJH', '3.3', 'ELECTRON MICROSCOPY')
set(['6NWP'])
CHAIN   A  
6NWP  A   2.30 100.000 
CHAIN   B  
6NWP  A   2.30 100.000 
CHAIN   C  
6NWP  A   2.30 100.000 
********************************************************************************
('5M6S', '4.8', 'ELECTRON MICROSCOPY')
set(['1U5P', '1U4Q'])
CHAIN   A  
1U5P  A   2.00 100.000 
1U4Q  A   2.50 100.000 
********************************************************************************
('4BXT', '3.13', 'X-RAY DIFFRACTION')
set(['5OIY', '5OIX'])
CHAIN   A  
5OIX  A   1.61 100.000 
5OIY  A   2.20 100.000 
CHAIN   B  
5OIX  A   1.61 100.000 
5OIY  A   2.20 100.000 
CHAIN   C  
5OIX  A   1.61 100.000 
5OIY  A   2.20 100.000 
CHAIN   D  
5OIX  A   1.61 100.000 
5OIY  A   2.20 100.000 
CHAIN   E  
5OIX  A   1.61 100.000 
5OIY  A   2.20 100.000 
CHAIN   F  
5OIX  A   1.61 100.000 
5OIY  A   2.20 100.000 
CHAIN   G  
5OIX  A   1.61 100.000 
5OIY  A   2.20 100.000 
CHAIN   H  
5OIX  A   1.61 100.000 
5OIY  A   2.20 100.000 
********************************************************************************
('2QU4', '16.0', 'ELECTRON MICROSCOPY')
set(['2ZGY', '1MWM', '2ZGZ'])
CHAIN   A  
2ZGY  A   1.90 100.000 
1MWM  A   2.00 100.000 
2ZGZ  A   2.25 100.000 
********************************************************************************
('2OGU', '3.23', 'X-RAY DIFFRACTION')
set(['2AEF', '4L74', '2AEJ'])
CHAIN   A  
2AEF  A   1.70 100.000 
4L74  A   1.84 100.000 
2AEJ  A   2.10 100.000 
********************************************************************************
('4NDW', '3.3', 'X-RAY DIFFRACTION')
set(['3QF3'])
CHAIN   A  
3QF3  A   2.41 100.000 
CHAIN   B  
3QF3  A   2.41 100.000 
********************************************************************************
('2O0I', '3.1', 'X-RAY DIFFRACTION')
set(['1YWM'])
CHAIN   1  
1YWM  A   1.86  99.444 
********************************************************************************
('4LP5', '3.8', 'X-RAY DIFFRACTION')
set(['4YBH', '4P2Y'])
CHAIN   A  
4P2Y  A   2.30 100.000 
4YBH  A   2.40 100.000 
CHAIN   B  
3CJJ  A   1.85 100.000 
4P2Y  A   2.30 100.000 
4YBH  A   2.40 100.000 
********************************************************************************
('2BGZ', '12.0', 'ELECTRON MICROSCOPY')
set(['1WLG'])
CHAIN   A  
1WLG  A   1.80 100.000 
********************************************************************************
('3S4U', '3.3', 'X-RAY DIFFRACTION')
set(['3P7I'])
CHAIN   A  
3P7I  A   1.71  99.669 
********************************************************************************
('5Y0R', '3.11', 'X-RAY DIFFRACTION')
set(['5Y0S', '5Y0T'])
CHAIN   A  
5Y0T  A   1.90  99.527 
5Y0S  A   2.10  99.527 
********************************************************************************
('5J6E', '3.2', 'X-RAY DIFFRACTION')
set(['5HWB'])
CHAIN   A  
5HWB  A   2.31  99.099 
CHAIN   B  
5HWB  A   2.31  99.099 
********************************************************************************
('4PGU', '3.4', 'X-RAY DIFFRACTION')
set(['4PGS', '4PGR'])
CHAIN   A  
4PGR  A   1.95 100.000 
4PGS  A   2.50 100.000 
********************************************************************************
('3BBU', '10.0', 'ELECTRON MICROSCOPY')
set(['1DM9'])
CHAIN   A  
1DM9  A   2.00 100.000 
********************************************************************************
('2O6B', '3.21', 'X-RAY DIFFRACTION')
set(['2O5U', '2AV9'])
CHAIN   A  
2O5U  A   1.91 100.000 
2AV9  A   2.40  99.286 
CHAIN   B  
2O5U  A   1.91 100.000 
2AV9  A   2.40  99.286 
********************************************************************************
('4X5N', '3.0', 'X-RAY DIFFRACTION')
set(['4X5M'])
CHAIN   A  
4X5M  A   2.00 100.000 
CHAIN   B  
4X5M  A   2.00 100.000 
CHAIN   C  
4X5M  A   2.00 100.000 
CHAIN   D  
4X5M  A   2.00 100.000 
********************************************************************************
('1KCT', '3.46', 'X-RAY DIFFRACTION')
set(['3NE4', '1QLP', '4PYW'])
CHAIN   A  
3NE4  A   1.81  99.200 
4PYW  A   1.91  99.200 
1QLP  A   2.00  99.200 
********************************************************************************
('3DTJ', '4.0', 'X-RAY DIFFRACTION')
set(['3DS1'])
CHAIN   A  
3DS1  A   1.60 100.000 
CHAIN   B  
3DS1  A   1.60 100.000 
CHAIN   C  
3DS1  A   1.60 100.000 
CHAIN   D  
3DS1  A   1.60 100.000 
********************************************************************************
('4C9U', '3.0', 'X-RAY DIFFRACTION')
set(['4C9R'])
CHAIN   A  
4C9R  A   2.10 100.000 
4C8T  A   2.40 100.000 
CHAIN   B  
4C9R  B   2.10 100.000 
4C8V  A   2.20 100.000 
CHAIN   C  
4C9R  A   2.10 100.000 
4C8T  A   2.40 100.000 
CHAIN   D  
4C9R  B   2.10 100.000 
4C8V  A   2.20 100.000 
********************************************************************************
('6HRF', '3.3', 'ELECTRON MICROSCOPY')
set(['6NWP'])
CHAIN   A  
6NWP  A   2.30 100.000 
CHAIN   B  
6NWP  A   2.30 100.000 
CHAIN   C  
6NWP  A   2.30 100.000 
CHAIN   D  
6NWP  A   2.30 100.000 
CHAIN   E  
6NWP  A   2.30 100.000 
CHAIN   F  
6NWP  A   2.30 100.000 
********************************************************************************
('4OFV', '3.1', 'X-RAY DIFFRACTION')
set(['3CJJ', '4YBH', '4P2Y'])
CHAIN   A  
3CJJ  A   1.85 100.000 
4P2Y  A   2.30 100.000 
4YBH  A   2.40 100.000 
CHAIN   B  
3CJJ  A   1.85  99.070 
4P2Y  A   2.30  99.070 
4YBH  A   2.40  99.070 
********************************************************************************
('1TGK', '3.3', 'X-RAY DIFFRACTION')
set(['1TGJ', '1KTZ'])
CHAIN   A  
1TGJ  A   2.00 100.000 
1KTZ  A   2.15 100.000 
********************************************************************************
('5CW0', '4.6', 'X-RAY DIFFRACTION')
set(['1STM'])
CHAIN   A  
1STM  A   1.90 100.000 
********************************************************************************
('4HU3', '3.3', 'X-RAY DIFFRACTION')
set(['4HU4'])
CHAIN   A  
4HU4  A   2.40 100.000 
********************************************************************************
('4MT7', '3.5', 'X-RAY DIFFRACTION')
set(['2DFK'])
CHAIN   A  
2DFK  A   2.15 100.000 
********************************************************************************
('2WBH', '4.7', 'X-RAY DIFFRACTION')
set(['2C4Q', '1MSC', '2BU1'])
CHAIN   A  
2BU1  A   2.20 100.000 
2C4Q  A   2.38 100.000 
1MSC  A   2.00  99.225 
CHAIN   B  
2BU1  A   2.20 100.000 
2C4Q  A   2.38 100.000 
1MSC  A   2.00  99.225 
CHAIN   C  
2BU1  A   2.20 100.000 
2C4Q  A   2.38 100.000 
1MSC  A   2.00  99.225 
********************************************************************************
('2XTD', '3.2', 'X-RAY DIFFRACTION')
set(['2XTC'])
CHAIN   A  
2XTC  A   2.22 100.000 
CHAIN   B  
2XTC  A   2.22 100.000 
********************************************************************************
('5B3Q', '3.0', 'X-RAY DIFFRACTION')
set(['5B3P'])
CHAIN   A  
5B3P  A   1.65 100.000 
********************************************************************************
('2C32', '7.01', 'X-RAY DIFFRACTION')
set(['1YMG', '2B6P'])
CHAIN   A  
1YMG  A   2.24  99.573 
2B6P  A   2.40  99.573 
********************************************************************************
('1KXA', '3.1', 'X-RAY DIFFRACTION')
set(['1KXF', '1SVP'])
CHAIN   A  
1KXF  A   2.38 100.000 
1SVP  A   2.00  99.367 
********************************************************************************
('1KXC', '3.1', 'X-RAY DIFFRACTION')
set(['1KXF'])
CHAIN   A  
1KXF  A   2.38  99.367 
********************************************************************************
('5DZL', '3.4', 'X-RAY DIFFRACTION')
set(['4WHD', '4QXW', '2GK2'])
CHAIN   A  
4QXW  A   2.04 100.000 
2GK2  A   2.20 100.000 
4WHD  A   2.50 100.000 
CHAIN   B  
4QXW  A   2.04 100.000 
2GK2  A   2.20 100.000 
4WHD  A   2.50 100.000 
CHAIN   C  
4QXW  A   2.04 100.000 
2GK2  A   2.20 100.000 
4WHD  A   2.50 100.000 
CHAIN   D  
4QXW  A   2.04  99.074 
2GK2  A   2.20  99.074 
4WHD  A   2.50  99.074 
********************************************************************************
('2IJF', '3.0', 'X-RAY DIFFRACTION')
set(['4K4S', '3OLB', '3OL9'])
CHAIN   A  
3OL9  A   2.25  99.566 
4K4S  A   2.40  99.566 
3OLB  A   2.41  99.566 
********************************************************************************
('2XLY', '3.1', 'X-RAY DIFFRACTION')
set(['2XM5', '2XM7', '2XLQ'])
CHAIN   A  
2XLQ  A   2.22 100.000 
2XM5  A   1.85  99.674 
2XM7  A   2.22  99.674 
********************************************************************************
('3L0X', '3.0', 'X-RAY DIFFRACTION')
set(['1PLQ', '3GPN'])
CHAIN   A  
1PLQ  A   2.30 100.000 
3GPN  A   2.50  99.387 
CHAIN   B  
5V7M  A   1.93 100.000 
1PLQ  A   2.30 100.000 
3GPN  A   2.50 100.000 
********************************************************************************
('6CX4', '3.08', 'X-RAY DIFFRACTION')
set(['1PLQ'])
CHAIN   A  
1PLQ  A   2.30  99.216 
********************************************************************************
('5H33', '3.6', 'X-RAY DIFFRACTION')
set(['4ZBW'])
CHAIN   A  
4ZBW  A   2.20  99.448 
CHAIN   B  
4ZBW  A   2.20  99.448 
********************************************************************************
('4CHF', '3.0', 'X-RAY DIFFRACTION')
set(['4CHE'])
CHAIN   A  
4CHE  A   1.80 100.000 
CHAIN   B  
4CHE  A   1.80 100.000 
********************************************************************************
('4DT0', '3.65', 'X-RAY DIFFRACTION')
set(['2DM9'])
CHAIN   A  
2DM9  A   1.85 100.000 
********************************************************************************
('5CVZ', '3.3', 'X-RAY DIFFRACTION')
set(['1STM'])
CHAIN   A  
1STM  A   1.90 100.000 
********************************************************************************
('4GQX', '3.0', 'X-RAY DIFFRACTION')
set(['3URR'])
CHAIN   A  
3URR  A   1.40  99.338 
CHAIN   B  
3URR  A   1.40  99.338 
********************************************************************************
('3V5B', '3.0', 'X-RAY DIFFRACTION')
set(['1X8Y'])
CHAIN   A  
1X8Y  A   2.20 100.000 
********************************************************************************
('2YVZ', '3.9', 'X-RAY DIFFRACTION')
set(['2YVY'])
CHAIN   A  
2YVY  A   2.30 100.000 
CHAIN   B  
2YVY  A   2.30 100.000 
********************************************************************************
('2ZGK', '3.0', 'X-RAY DIFFRACTION')
set(['2ZGM', '2ZGL', '3AFK'])
CHAIN   A  
2ZGM  A   1.90 100.000 
2ZGL  A   1.90 100.000 
3AFK  A   1.95 100.000 
********************************************************************************
('2BP2', '3.0', 'X-RAY DIFFRACTION')
set(['4BP2', '1G4I', '1UNE'])
CHAIN   A  
1G4I  A   0.97 100.000 
1UNE  A   1.50 100.000 
4BP2  A   1.60 100.000 
********************************************************************************
('2HSM', '3.0', 'X-RAY DIFFRACTION')
set(['2HRK'])
CHAIN   A  
2HRA  A   1.90 100.000 
2HRK  A   2.05 100.000 
CHAIN   B  
2HQT  A   1.90 100.000 
2HRK  B   2.05 100.000 
2HSN  B   2.20 100.000 
********************************************************************************
('4L60', '3.0', 'X-RAY DIFFRACTION')
set(['1PLQ', '3GPN'])
CHAIN   A  
1PLQ  A   2.30  99.609 
3GPN  A   2.50  99.219 
********************************************************************************
('6CX2', '3.1', 'X-RAY DIFFRACTION')
set(['1PLQ', '3GPN'])
CHAIN   A  
1PLQ  A   2.30  99.606 
3GPN  A   2.50  99.213 
********************************************************************************
('4IY2', '3.6', 'X-RAY DIFFRACTION')
set(['4IYS', '4IY0', '5MMZ'])
CHAIN   A  
4IYS  A   1.80 100.000 
5MMZ  A   2.40 100.000 
4IY0  A   1.90  99.342 
CHAIN   C  
4IYS  A   1.80 100.000 
5MMZ  A   2.40 100.000 
4IY0  A   1.90  99.342 
********************************************************************************
('4C8W', '3.1', 'X-RAY DIFFRACTION')
set(['4C9R', '4C8V'])
CHAIN   I  
4C9R  B   2.10 100.000 
4C8V  A   2.20 100.000 
CHAIN   J  
4C9R  B   2.10 100.000 
4C8V  A   2.20 100.000 
********************************************************************************
('3QPL', '3.2', 'X-RAY DIFFRACTION')
set(['3TP3', '5NIO', '6HOA'])
CHAIN   A  
3TP3  A   1.86 100.000 
5NIO  A   1.40  99.485 
6HOA  A   1.50  99.485 
********************************************************************************
('3HJ5', '3.1', 'X-RAY DIFFRACTION')
set(['3HAK', '3HAF', '4N9O'])
CHAIN   A  
3HAK  A   1.80 100.000 
3HAF  A   2.26 100.000 
4N9O  A   1.50  99.010 
CHAIN   B  
3HAK  A   1.80 100.000 
3HAF  A   2.26 100.000 
4N9O  A   1.50  99.020 
********************************************************************************
('4H6I', '3.09', 'X-RAY DIFFRACTION')
set(['4H6H'])
CHAIN   A  
4H6H  A   2.50 100.000 
CHAIN   B  
4H6H  A   2.50 100.000 
CHAIN   C  
4H6H  A   2.50 100.000 
********************************************************************************
('4RYJ', '4.1', 'X-RAY DIFFRACTION')
set(['4RYO', '4RYQ', '4RYR'])
CHAIN   A  
4RYO  A   1.60 100.000 
4RYQ  A   1.70 100.000 
4RYR  A   1.70 100.000 
CHAIN   B  
4RYO  A   1.60 100.000 
4RYQ  A   1.70 100.000 
4RYR  A   1.70 100.000 
********************************************************************************
('5KHC', '11.1', 'ELECTRON MICROSCOPY')
set(['4B3V', '4ADI', '4ADJ'])
CHAIN   A  
4ADI  A   1.80  99.287 
4ADJ  A   1.94  99.287 
4B3V  A   1.98  99.287 
********************************************************************************
('2YWA', '3.2', 'X-RAY DIFFRACTION')
set(['1WTY'])
CHAIN   A  
1WTY  A   2.20  99.130 
CHAIN   B  
1WTY  A   2.20  99.130 
CHAIN   C  
1WTY  A   2.20  99.123 
CHAIN   D  
1WTY  A   2.20  99.130 
********************************************************************************
('3BOA', '3.7', 'X-RAY DIFFRACTION')
set(['2B5E'])
CHAIN   A  
2B5E  A   2.40 100.000 
********************************************************************************
('3GPM', '3.8', 'X-RAY DIFFRACTION')
set(['1PLQ', '3GPN'])
CHAIN   A  
3GPN  A   2.50 100.000 
1PLQ  A   2.30  99.606 
********************************************************************************
('4URD', '7.7', 'ELECTRON MICROSCOPY')
set(['1P9Y'])
CHAIN   A  
1P9Y  A   2.15  99.130 
********************************************************************************
('3J24', '9.0', 'ELECTRON MICROSCOPY')
set(['1OJV', '1OJW', '1OK2'])
CHAIN   B  
1OJV  A   2.30 100.000 
1OJW  A   2.30 100.000 
1OK2  A   2.50 100.000 
********************************************************************************
('1H6S', '3.0', 'X-RAY DIFFRACTION')
set(['3PRN', '1PRN', '1BH3'])
CHAIN   1  
1PRN  A   1.96 100.000 
3PRN  A   1.90  99.308 
1BH3  A   2.19  99.308 
********************************************************************************
('4YXY', '3.2', 'X-RAY DIFFRACTION')
set(['5BYO', '4YXZ'])
CHAIN   A  
5BYO  A   2.50 100.000 
4YXZ  A   2.50 100.000 
CHAIN   B  
5BYO  A   2.50 100.000 
4YXZ  A   2.50 100.000 
CHAIN   C  
5BYO  A   2.50 100.000 
4YXZ  A   2.50 100.000 
CHAIN   D  
5BYO  A   2.50 100.000 
4YXZ  A   2.50 100.000 
********************************************************************************
('3USV', '3.8', 'X-RAY DIFFRACTION')
set(['4QRG', '4QRV'])
CHAIN   A  
4QRV  A   1.98  99.675 
4QRG  A   2.50  99.675 
CHAIN   C  
4QRV  A   1.98  99.675 
4QRG  A   2.50  99.675 
********************************************************************************
('1KXD', '3.0', 'X-RAY DIFFRACTION')
set(['1KXF'])
CHAIN   A  
1KXF  A   2.38  99.367 
********************************************************************************
('2BGY', '20.0', 'ELECTRON MICROSCOPY')
set(['1WLG'])
CHAIN   A  
1WLG  A   1.80 100.000 
********************************************************************************
('3U3T', '3.21', 'X-RAY DIFFRACTION')
set(['3U3P', '3QO4'])
CHAIN   A  
3U3P  A   2.09 100.000 
3QO4  A   2.20 100.000 
********************************************************************************
('3J93', '8.8', 'ELECTRON MICROSCOPY')
set(['3GK8'])
CHAIN   H  
3GK8  H   2.00 100.000 
CHAIN   L  
3GK8  L   2.00 100.000 
********************************************************************************
('2R30', '3.2', 'X-RAY DIFFRACTION')
set(['2R32', '2Q1M', '3B93'])
CHAIN   A  
2R32  A   1.95  99.138 
3B93  A   2.20  99.138 
2Q1M  A   2.30  99.138 
********************************************************************************
('4I20', '3.34', 'X-RAY DIFFRACTION')
set(['5HG8', '5UG9', '5UG8'])
CHAIN   A  
5UG9  A   1.33  99.652 
5HG8  A   1.42  99.652 
5UG8  A   1.46  99.652 
********************************************************************************
('4BLF', '20.0', 'ELECTRON MICROSCOPY')
set(['3BTP'])
CHAIN   A  
3BTP  A   2.30  99.115 
********************************************************************************
('3EFC', '3.3', 'X-RAY DIFFRACTION')
set(['2QDF'])
CHAIN   A  
2QDF  A   2.20 100.000 
********************************************************************************
('6NWQ', '3.4', 'ELECTRON MICROSCOPY')
set(['6NWP'])
CHAIN   A  
6NWP  A   2.30 100.000 
CHAIN   B  
6NWP  A   2.30 100.000 
CHAIN   C  
6NWP  A   2.30 100.000 
CHAIN   D  
6NWP  A   2.30 100.000 
CHAIN   E  
6NWP  A   2.30 100.000 
CHAIN   F  
6NWP  A   2.30 100.000 
********************************************************************************
('3O5D', '4.0', 'X-RAY DIFFRACTION')
set(['5OMP', '5NJX'])
CHAIN   A  
5OMP  A   1.88 100.000 
5NJX  A   2.49 100.000 
CHAIN   B  
5OMP  A   1.88 100.000 
5NJX  A   2.49 100.000 
********************************************************************************
('1AUM', '3.0', 'X-RAY DIFFRACTION')
set(['4IPY', '2XT1', '2XXM'])
CHAIN   A  
2XT1  A   1.32 100.000 
4IPY  A   1.64 100.000 
2XXM  A   1.65 100.000 
********************************************************************************
('3PRD', '3.3', 'X-RAY DIFFRACTION')
set(['3PRB'])
CHAIN   A  
3PRB  A   2.20 100.000 
********************************************************************************
('3QTN', '3.5', 'X-RAY DIFFRACTION')
set(['3MSV'])
CHAIN   B  
3MSV  A   2.18  99.120 
********************************************************************************
('1NYH', '3.1', 'X-RAY DIFFRACTION')
set(['1PL5'])
CHAIN   A  
1PL5  A   2.50 100.000 
********************************************************************************
('3J3Z', '23.4', 'ELECTRON MICROSCOPY')
set(['3GK8'])
CHAIN   H  
3GK8  H   2.00 100.000 
CHAIN   L  
3GK8  L   2.00 100.000 
********************************************************************************
('4D1K', '9.4', 'ELECTRON MICROSCOPY')
set(['4XFX', '6AYA', '6AY9'])
CHAIN   A  
6AYA  A   2.40  99.543 
4XFX  A   2.43  99.543 
6AY9  A   2.50  99.543 
CHAIN   B  
6AYA  A   2.40  99.543 
4XFX  A   2.43  99.543 
6AY9  A   2.50  99.543 
CHAIN   C  
6AYA  A   2.40  99.543 
4XFX  A   2.43  99.543 
6AY9  A   2.50  99.543 
CHAIN   D  
6AYA  A   2.40  99.543 
4XFX  A   2.43  99.543 
6AY9  A   2.50  99.543 
CHAIN   E  
6AYA  A   2.40  99.543 
4XFX  A   2.43  99.543 
6AY9  A   2.50  99.543 
CHAIN   F  
6AYA  A   2.40  99.543 
4XFX  A   2.43  99.543 
6AY9  A   2.50  99.543 
********************************************************************************
('3VH6', '3.35', 'X-RAY DIFFRACTION')
set(['3VH5'])
CHAIN   A  
3VH5  A   2.40 100.000 
CHAIN   D  
3VH5  D   2.40 100.000 
CHAIN   T  
3VH5  T   2.40 100.000 
CHAIN   W  
3B0C  W   2.20 100.000 
3VH5  W   2.40 100.000 
********************************************************************************
('6J6K', '3.3', 'ELECTRON MICROSCOPY')
set(['2GH7', '2F01', '3RY2'])
CHAIN   A  
2F01  A   0.85 100.000 
3RY2  A   0.95 100.000 
2GH7  A   1.00 100.000 
CHAIN   B  
2F01  A   0.85 100.000 
3RY2  A   0.95 100.000 
2GH7  A   1.00 100.000 
CHAIN   C  
2F01  A   0.85 100.000 
3RY2  A   0.95 100.000 
2GH7  A   1.00 100.000 
CHAIN   D  
2F01  A   0.85 100.000 
3RY2  A   0.95 100.000 
2GH7  A   1.00 100.000 
********************************************************************************
('6HRE', '3.2', 'ELECTRON MICROSCOPY')
set(['6NWP'])
CHAIN   A  
6NWP  A   2.30 100.000 
CHAIN   B  
6NWP  A   2.30 100.000 
CHAIN   C  
6NWP  A   2.30 100.000 
CHAIN   D  
6NWP  A   2.30 100.000 
CHAIN   E  
6NWP  A   2.30 100.000 
CHAIN   F  
6NWP  A   2.30 100.000 
********************************************************************************
('2NSB', '3.2', 'X-RAY DIFFRACTION')
set(['2NSC'])
CHAIN   A  
2NSC  A   2.20 100.000 
********************************************************************************
('1AOW', '3.0', 'X-RAY DIFFRACTION')
set(['1ANN', '1I4A'])
CHAIN   A  
1I4A  A   2.00  99.676 
1ANN  A   2.30  99.676 
********************************************************************************
('2QZD', '14.0', 'ELECTRON MICROSCOPY')
set(['1OJV', '1OJW', '1OK2'])
CHAIN   A  
1OJV  A   2.30 100.000 
1OJW  A   2.30 100.000 
1OK2  A   2.50 100.000 
********************************************************************************
('2QZF', '14.0', 'ELECTRON MICROSCOPY')
set(['1OJV', '1OJW', '1OK2'])
CHAIN   A  
1OJV  A   2.30 100.000 
1OJW  A   2.30 100.000 
1OK2  A   2.50 100.000 
********************************************************************************
('4YDT', '3.31', 'X-RAY DIFFRACTION')
set(['4YCQ', '4YC5'])
CHAIN   A  
4YC5  A   1.76 100.000 
4YCQ  A   2.41 100.000 
CHAIN   B  
4YC5  A   1.76 100.000 
4YCQ  A   2.41 100.000 
********************************************************************************
('4L9J', '3.45', 'X-RAY DIFFRACTION')
set(['4L9N', '5FFX', '3ECO'])
CHAIN   A  
3ECO  A   2.40 100.000 
5FFX  A   1.47  99.275 
4L9N  A   1.60  99.275 
CHAIN   B  
3ECO  A   2.40 100.000 
5FFX  A   1.47  99.270 
4L9N  A   1.60  99.270 
********************************************************************************
('4ZJA', '4.1', 'X-RAY DIFFRACTION')
set(['4ZJ9'])
CHAIN   A  
4ZJ9  A   2.00 100.000 
CHAIN   B  
4ZJ9  A   2.00 100.000 
********************************************************************************
('3J6N', '9.0', 'ELECTRON MICROSCOPY')
set(['3JZ7'])
CHAIN   K  
3JZ7  A   2.19 100.000 
********************************************************************************
('3J6C', '9.6', 'ELECTRON MICROSCOPY')
set(['2VGQ'])
CHAIN   A  
2VGQ  A   2.10 100.000 
********************************************************************************
('5FKX', '6.1', 'ELECTRON MICROSCOPY')
set(['3N75'])
CHAIN   A  
3N75  A   2.00 100.000 
********************************************************************************
('1X24', '3.2', 'X-RAY DIFFRACTION')
set(['5BX1', '5MMZ'])
CHAIN   A  
5BX1  A   1.90 100.000 
5MMZ  B   2.40 100.000 
CHAIN   B  
5BX1  A   1.90 100.000 
5MMZ  B   2.40 100.000 
********************************************************************************
('2WKG', '3.0', 'X-RAY DIFFRACTION')
set(['2WC7'])
CHAIN   A  
2WC7  A   2.37 100.000 
********************************************************************************
('3KAT', '3.1', 'X-RAY DIFFRACTION')
set(['4IFP'])
CHAIN   A  
4IFP  A   1.99 100.000 
********************************************************************************
('1XGO', '3.5', 'X-RAY DIFFRACTION')
set(['1WKM', '1XGS', '2DFI'])
CHAIN   A  
1XGS  A   1.75 100.000 
1WKM  A   2.30 100.000 
2DFI  A   2.10  99.322 
********************************************************************************
('4MMT', '3.05', 'X-RAY DIFFRACTION')
set(['5KWW', '5EA4', '4MMS'])
CHAIN   A  
5EA4  F   2.30 100.000 
4MMS  A   2.40 100.000 
5KWW  F   2.50 100.000 
CHAIN   B  
5EA4  F   2.30 100.000 
5KWW  F   2.50 100.000 
4MMS  B   2.40  99.474 
********************************************************************************
('4MMR', '3.1', 'X-RAY DIFFRACTION')
set(['5KWW', '4MMS', '5EA4'])
CHAIN   A  
5EA4  F   2.30 100.000 
4MMS  A   2.40 100.000 
5KWW  F   2.50 100.000 
CHAIN   B  
4MMS  B   2.40 100.000 
5EA4  F   2.30  99.469 
5KWW  F   2.50  99.469 
********************************************************************************
('2R1C', '12.5', 'ELECTRON MICROSCOPY')
set(['2DYJ'])
CHAIN   A  
2DYJ  A   1.84 100.000 
********************************************************************************
('4XCR', '3.6', 'X-RAY DIFFRACTION')
set(['4BCZ'])
CHAIN   A  
4BCZ  A   1.93  99.091 
CHAIN   B  
4BCZ  A   1.93  99.091 
********************************************************************************
('Processed:', 103, 'out of total:', 154887)
